# Radius (Ang) | Angle (Deg) | Energy (Hartrees)
  1.51795		  119.059		-548.2479628223
  1.51795		  100.146		-548.2295806760
  1.51795		  120.891		-548.2476634353
  1.51795		  90.6109		-548.2000871346
  1.51795		  124.245		-548.2463106423
  1.51795		  126.97		-548.2444787756
  1.51795		  144.918		-548.2184936651
  1.51795		  142.651		-548.2229010779
  1.51795		  110.727		-548.2450760185
  1.51795		  143.264		-548.2217353015
  1.51795		  109.276		-548.2438023035
  1.51795		  144.688		-548.2189525364
  1.51795		  129.687		-548.2420317918
  1.51795		  124.58		-548.2461201048
  1.51795		  144.263		-548.2197936933
  1.51795		  99.6851		-548.2285423371
  1.51795		  107.144		-548.2414745302
  1.51795		  139.214		-548.2290476639
  1.51795		  148.525		-548.2109906886
  1.51795		  123.734		-548.2465822089
  1.51795		  100.709		-548.2308028558
  1.51795		  126.761		-548.2446417463
  1.51795		  133.734		-548.2373090030
  1.51795		  107.992		-548.2424670822
  1.51795		  125.508		-548.2455411032
  1.51795		  138.131		-548.2308378032
  1.51795		  109.264		-548.2437907412
  1.51795		  149.115		-548.2097144621
  1.51795		  91.2984		-548.2028512693
  1.51795		  148.581		-548.2108700832
  1.51795		  141.251		-548.2254868953
  1.51795		  142.507		-548.2231720228
  1.51795		  115.213		-548.2475273622
  1.51795		  114.071		-548.2471086913
  1.51795		  107.297		-548.2416602475
  1.51795		  134.442		-548.2363574566
  1.51795		  94.1099		-548.2130291255
  1.51795		  122.224		-548.2472482131
  1.51795		  93.5412		-548.2111097446
  1.51795		  107.448		-548.2418406569
  1.51795		  129.269		-548.2424472952
  1.51795		  118.548		-548.2479891408
  1.51795		  146.773		-548.2147035595
  1.51795		  148.273		-548.2115320021
  1.51795		  135.004		-548.2355767099
  1.51795		  148.78		-548.2104405969
  1.51795		  117.966		-548.2479882149
  1.51795		  125.738		-548.2453860710
  1.51795		  113.294		-548.2467451563
  1.51795		  100.409		-548.2301578662
  1.37609		  93.2537		-548.1568318756
  1.37609		  112.534		-548.2131208653
  1.37609		  95.6275		-548.1685263179
  1.37609		  144.662		-548.1843925048
  1.37609		  135.611		-548.2031379830
  1.37609		  124.811		-548.2156403727
  1.37609		  107.285		-548.2053226590
  1.37609		  137.427		-548.1999107437
  1.37609		  111.044		-548.2113681093
  1.37609		  116.932		-548.2163511240
  1.37609		  147.9		-548.1762837113
  1.37609		  135.199		-548.2038289407
  1.37609		  116.375		-548.2160952091
  1.37609		  139.78		-548.1953082468
  1.37609		  145.336		-548.1827559580
  1.37609		  112.942		-548.2135405942
  1.37609		  94.123		-548.1613108768
  1.37609		  141.598		-548.1914473878
  1.37609		  110.478		-548.2106096316
  1.37609		  91.7798		-548.1486895042
  1.37609		  111.977		-548.2125064239
  1.37609		  132.382		-548.2081257542
  1.37609		  136.415		-548.2017452932
  1.37609		  104.315		-548.1987502169
  1.37609		  106.326		-548.2033830113
  1.37609		  107.624		-548.2059682205
  1.37609		  127.896		-548.2133272571
  1.37609		  119.018		-548.2169350833
  1.37609		  109.208		-548.2087158295
  1.37609		  92.5832		-548.1532152044
  1.37609		  148.035		-548.1759329641
  1.37609		  130.734		-548.2102790971
  1.37609		  127.904		-548.2133198775
  1.37609		  112.909		-548.2135075911
  1.37609		  112.841		-548.2134390614
  1.37609		  97.145		-548.1751524235
  1.37609		  123.874		-548.2161267736
  1.37609		  106.318		-548.2033661154
  1.37609		  126.003		-548.2148742045
  1.37609		  99.6758		-548.1848558540
  1.37609		  91.0084		-548.1441403922
  1.37609		  135.328		-548.2036142686
  1.37609		  126.012		-548.2148678007
  1.37609		  135.07		-548.2040420815
  1.37609		  148.754		-548.1740496792
  1.37609		  120.409		-548.2170058240
  1.37609		  136.407		-548.2017594362
  1.37609		  137.053		-548.2005991714
  1.37609		  114.378		-548.2148182208
  1.37609		  91.3874		-548.1464008064
  1.53168		  145.007		-548.2172086811
  1.53168		  135.427		-548.2335178671
  1.53168		  106.01		-548.2388283111
  1.53168		  106.874		-548.2399152106
  1.53168		  96.7432		-548.2206381543
  1.53168		  102.761		-548.2338763176
  1.53168		  133.438		-548.2361883568
  1.53168		  102.521		-548.2334536900
  1.53168		  113.604		-548.2454028203
  1.53168		  108.646		-548.2418598667
  1.53168		  106.133		-548.2389887335
  1.53168		  132.321		-548.2375660194
  1.53168		  136.252		-548.2323312688
  1.53168		  104.315		-548.2364200428
  1.53168		  106.274		-548.2391702942
  1.53168		  92.7179		-548.2082719379
  1.53168		  110.54		-548.2435331011
  1.53168		  108.238		-548.2414452849
  1.53168		  146.047		-548.2151455681
  1.53168		  138.712		-548.2285316647
  1.53168		  119.869		-548.2462572698
  1.53168		  132.749		-548.2370487485
  1.53168		  129.326		-548.2408049925
  1.53168		  139.627		-548.2270227662
  1.53168		  100.102		-548.2287262898
  1.53168		  99.5521		-548.2275281136
  1.53168		  112.107		-548.2446150230
  1.53168		  97.436		-548.2224615012
  1.53168		  99.8655		-548.2282167786
  1.53168		  108.16		-548.2413637943
  1.53168		  149.879		-548.2071706111
  1.53168		  123.588		-548.2450259467
  1.53168		  107.628		-548.2407886945
  1.53168		  97.6195		-548.2229304839
  1.53168		  99.3568		-548.2270911136
  1.53168		  116.399		-548.2462576090
  1.53168		  125.103		-548.2441768156
  1.53168		  107.092		-548.2401748666
  1.53168		  133.375		-548.2362684348
  1.53168		  149.837		-548.2072607711
  1.53168		  147.702		-548.2117680584
  1.53168		  137.975		-548.2297100281
  1.53168		  107.062		-548.2401394792
  1.53168		  123.024		-548.2452915858
  1.53168		  104.611		-548.2368675839
  1.53168		  126.748		-548.2430358645
  1.53168		  114.489		-548.2457588632
  1.53168		  101.139		-548.2308591531
  1.53168		  148.429		-548.2102508683
  1.53168		  100.151		-548.2288307687
  1.30458		  119.543		-548.1481180860
  1.30458		  100.193		-548.1082686625
  1.30458		  122.931		-548.1481794508
  1.30458		  130.541		-548.1426395613
  1.30458		  143.76		-548.1176260844
  1.30458		  101.852		-548.1149652833
  1.30458		  142.892		-548.1197606460
  1.30458		  148.969		-548.1037214643
  1.30458		  121.593		-548.1483546325
  1.30458		  132.784		-548.1396546139
  1.30458		  112.267		-548.1418634091
  1.30458		  146.796		-548.1097306080
  1.30458		  92.6662		-548.0672543463
  1.30458		  126.647		-548.1464023751
  1.30458		  90.4109		-548.0510079528
  1.30458		  148.859		-548.1040318625
  1.30458		  117.03		-548.1469521999
  1.30458		  138.834		-548.1289124828
  1.30458		  108.367		-548.1345663028
  1.30458		  122.309		-548.1482925446
  1.30458		  117.048		-548.1469641185
  1.30458		  120.422		-548.1482958923
  1.30458		  99.2463		-548.1041003980
  1.30458		  137.005		-548.1325499513
  1.30458		  92.9692		-548.0692841140
  1.30458		  109.105		-548.1361815454
  1.30458		  98.9181		-548.1025942551
  1.30458		  122.605		-548.1482455288
  1.30458		  109.096		-548.1361625291
  1.30458		  126.806		-548.1462856843
  1.30458		  142.84		-548.1198866600
  1.30458		  125.247		-548.1472884028
  1.30458		  106.819		-548.1308010466
  1.30458		  134.279		-548.1373532206
  1.30458		  121.894		-548.1483374845
  1.30458		  117.459		-548.1472219933
  1.30458		  103.047		-548.1193319931
  1.30458		  133.637		-548.1383712763
  1.30458		  126.966		-548.1461649957
  1.30458		  127.603		-548.1456522746
  1.30458		  93.2066		-548.0708500855
  1.30458		  130.676		-548.1424762676
  1.30458		  103.038		-548.1193004855
  1.30458		  100.165		-548.1081490759
  1.30458		  127.682		-548.1455851208
  1.30458		  109.63		-548.1372620990
  1.30458		  146.984		-548.1092215466
  1.30458		  108.938		-548.1358259625
  1.30458		  136.701		-548.1331230436
  1.30458		  105.834		-548.1281292286
  1.55684		  90.6282		-548.1995876701
  1.55684		  144.058		-548.2155889273
  1.55684		  132.387		-548.2333188351
  1.55684		  98.2653		-548.2219444003
  1.55684		  146.293		-548.2113750124
  1.55684		  116.632		-548.2420304884
  1.55684		  143.517		-548.2165756745
  1.55684		  108.467		-548.2378622370
  1.55684		  126.965		-548.2385417533
  1.55684		  101.39		-548.2282861068
  1.55684		  144.667		-548.2144621410
  1.55684		  120.467		-548.2417967047
  1.55684		  99.4753		-548.2245705375
  1.55684		  112.02		-548.2405015973
  1.55684		  140.525		-548.2217735038
  1.55684		  103.259		-548.2314239556
  1.55684		  104.353		-548.2330489590
  1.55684		  125.292		-548.2397067467
  1.55684		  142.864		-548.2177482899
  1.55684		  137.218		-548.2269550589
  1.55684		  133.145		-548.2324217657
  1.55684		  139.992		-548.2226504514
  1.55684		  102.427		-548.2300847065
  1.55684		  139.622		-548.2232500330
  1.55684		  98.44		-548.2223373764
  1.55684		  94.5892		-548.2125188147
  1.55684		  92.5063		-548.2061100551
  1.55684		  109.115		-548.2384440329
  1.55684		  131.286		-548.2345512237
  1.55684		  121.057		-548.2416458452
  1.55684		  102.115		-548.2295588649
  1.55684		  126.393		-548.2389646879
  1.55684		  142.014		-548.2192434453
  1.55684		  121.383		-548.2415496984
  1.55684		  139.462		-548.2235069504
  1.55684		  141.336		-548.2204098608
  1.55684		  96.523		-548.2177597752
  1.55684		  142.916		-548.2176556643
  1.55684		  103.572		-548.2319044541
  1.55684		  104.202		-548.2328336772
  1.55684		  146.377		-548.2112125732
  1.55684		  127.853		-548.2378352824
  1.55684		  119.498		-548.2419790756
  1.55684		  122.475		-548.2411620564
  1.55684		  127.116		-548.2384258841
  1.55684		  130.635		-548.2352398003
  1.55684		  122.271		-548.2412420927
  1.55684		  143.275		-548.2170126231
  1.55684		  139.875		-548.2228408689
  1.55684		  101.669		-548.2287843908
  1.57727		  122.33		-548.2365334686
  1.57727		  147.942		-548.2044631767
  1.57727		  94.4953		-548.2094204198
  1.57727		  108.306		-548.2334311032
  1.57727		  137.119		-548.2227747318
  1.57727		  123.011		-548.2362496542
  1.57727		  90.1424		-548.1957549852
  1.57727		  142.791		-548.2138605530
  1.57727		  119.477		-548.2373139709
  1.57727		  113.653		-548.2367455931
  1.57727		  101.448		-548.2246609418
  1.57727		  105.74		-548.2307885041
  1.57727		  95.1888		-548.2112775378
  1.57727		  97.495		-548.2168873574
  1.57727		  120.441		-548.2371251110
  1.57727		  95.9513		-548.2132266027
  1.57727		  106.878		-548.2320497062
  1.57727		  112.822		-548.2364140022
  1.57727		  98.3739		-548.2188084124
  1.57727		  136.879		-548.2231131929
  1.57727		  149.752		-548.2009343909
  1.57727		  98.2627		-548.2185716973
  1.57727		  110.356		-548.2350386525
  1.57727		  146.961		-548.2063320574
  1.57727		  147.797		-548.2047414719
  1.57727		  123.716		-548.2359171967
  1.57727		  119.837		-548.2372525086
  1.57727		  107.521		-548.2326989790
  1.57727		  101.447		-548.2246592466
  1.57727		  137.926		-548.2216123029
  1.57727		  90.205		-548.1959780841
  1.57727		  140.638		-548.2174417914
  1.57727		  130.291		-548.2310112317
  1.57727		  123.624		-548.2359627947
  1.57727		  116.353		-548.2373827027
  1.57727		  137.15		-548.2227307698
  1.57727		  138.416		-548.2208884665
  1.57727		  146.426		-548.2073369430
  1.57727		  128.535		-548.2326297846
  1.57727		  132.101		-548.2291206983
  1.57727		  123.529		-548.2360091844
  1.57727		  120.708		-548.2370591661
  1.57727		  130.03		-548.2312654339
  1.57727		  148.122		-548.2041167484
  1.57727		  104.554		-548.2293171946
  1.57727		  133.011		-548.2280877494
  1.57727		  116.978		-548.2374367433
  1.57727		  92.5358		-548.2037155747
  1.57727		  106.408		-548.2315463722
  1.57727		  110.413		-548.2350772129
  1.71189		  123.361		-548.1883001055
  1.71189		  144.802		-548.1677181738
  1.71189		  91.4448		-548.1646793893
  1.71189		  105.529		-548.1855988058
  1.71189		  91.5271		-548.1648672372
  1.71189		  119.773		-548.1894548462
  1.71189		  134		-548.1807075925
  1.71189		  93.4248		-548.1689493565
  1.71189		  136.298		-548.1783383781
  1.71189		  127.089		-548.1863141575
  1.71189		  126.747		-548.1865281863
  1.71189		  136.66		-548.1779439032
  1.71189		  110.633		-548.1886639585
  1.71189		  111.314		-548.1889223655
  1.71189		  137.071		-548.1774892197
  1.71189		  106.761		-548.1865275165
  1.71189		  141.23		-548.1725022220
  1.71189		  122.873		-548.1885019923
  1.71189		  147.325		-548.1641096820
  1.71189		  91.7986		-548.1654803951
  1.71189		  133.481		-548.1812094889
  1.71189		  124.551		-548.1877504688
  1.71189		  105.4		-548.1854943089
  1.71189		  113.368		-548.1894990616
  1.71189		  122.101		-548.1887929835
  1.71189		  144.536		-548.1680884059
  1.71189		  130.699		-548.1836818546
  1.71189		  141.586		-548.1720447039
  1.71189		  91.972		-548.1658667979
  1.71189		  108.703		-548.1877436981
  1.71189		  93.0401		-548.1681595286
  1.71189		  104.87		-548.1850503119
  1.71189		  132.373		-548.1822387314
  1.71189		  97.3775		-548.1760422631
  1.71189		  125.952		-548.1870012919
  1.71189		  119.004		-548.1896005119
  1.71189		  139.434		-548.1747390980
  1.71189		  126.43		-548.1867209451
  1.71189		  119.619		-548.1894869652
  1.71189		  95.0735		-548.1721281387
  1.71189		  122.418		-548.1886777319
  1.71189		  133.513		-548.1811789053
  1.71189		  126.668		-548.1865767316
  1.71189		  96.1056		-548.1739549771
  1.71189		  141.288		-548.1724279921
  1.71189		  110.605		-548.1886526037
  1.71189		  148.717		-548.1620525229
  1.71189		  104.051		-548.1843171935
  1.71189		  148.016		-548.1630937590
  1.71189		  146.005		-548.1660185854
  1.69488		  123.579		-548.1953594556
  1.69488		  119.976		-548.1965763826
  1.69488		  111.453		-548.1960376147
  1.69488		  130.208		-548.1911324485
  1.69488		  126.612		-548.1937311725
  1.69488		  107.652		-548.1940812534
  1.69488		  144.284		-548.1749866996
  1.69488		  133.943		-548.1877185121
  1.69488		  111.393		-548.1960154396
  1.69488		  127.789		-548.1929581390
  1.69488		  112.98		-548.1965115029
  1.69488		  135.753		-548.1858191949
  1.69488		  132.086		-548.1895034071
  1.69488		  108.571		-548.1946591851
  1.69488		  123.02		-548.1956005141
  1.69488		  147.047		-548.1709278718
  1.69488		  99.0432		-548.1850515223
  1.69488		  147.543		-548.1701772564
  1.69488		  132.192		-548.1894061127
  1.69488		  114.199		-548.1967671809
  1.69488		  94.635		-548.1775151393
  1.69488		  129.161		-548.1919610985
  1.69488		  133.77		-548.1878919118
  1.69488		  92.9525		-548.1740225467
  1.69488		  92.3684		-548.1727228713
  1.69488		  135.209		-548.1864061750
  1.69488		  134.372		-548.1872823227
  1.69488		  140.071		-548.1806961255
  1.69488		  103.343		-548.1904179797
  1.69488		  121.157		-548.1962663921
  1.69488		  135.38		-548.1862231406
  1.69488		  130.738		-548.1906910611
  1.69488		  112.048		-548.1962428754
  1.69488		  126.705		-548.1936729034
  1.69488		  143.44		-548.1761803806
  1.69488		  131.432		-548.1900911709
  1.69488		  105.383		-548.1923536119
  1.69488		  131.486		-548.1900434604
  1.69488		  104.499		-548.1915605515
  1.69488		  131.127		-548.1903578539
  1.69488		  95.5844		-548.1793288014
  1.69488		  90.5348		-548.1683322622
  1.69488		  118.862		-548.1967869190
  1.69488		  93.1368		-548.1744230992
  1.69488		  112.162		-548.1962791822
  1.69488		  123.034		-548.1955947065
  1.69488		  102.014		-548.1889519042
  1.69488		  136.033		-548.1855117660
  1.69488		  139.514		-548.1814011387
  1.69488		  123.592		-548.1953536265
  1.45545		  90.4508		-548.1877706772
  1.45545		  113.31		-548.2449126808
  1.45545		  135.137		-548.2337335386
  1.45545		  121.898		-548.2463151960
  1.45545		  99.6001		-548.2224356337
  1.45545		  126.316		-548.2439469202
  1.45545		  120.205		-548.2466898551
  1.45545		  133.418		-548.2362525993
  1.45545		  90.5071		-548.1880490871
  1.45545		  103.287		-548.2313964930
  1.45545		  99.8328		-548.2230753745
  1.45545		  111.491		-548.2434941106
  1.45545		  107.893		-548.2393990327
  1.45545		  114.117		-548.2454092574
  1.45545		  140.904		-548.2236339234
  1.45545		  134.309		-548.2349768616
  1.45545		  126.549		-548.2437682617
  1.45545		  146.848		-548.2109429132
  1.45545		  132.124		-548.2379875836
  1.45545		  105.567		-548.2357700475
  1.45545		  149.7		-548.2042095005
  1.45545		  101.244		-548.2267352742
  1.45545		  124.457		-548.2451823856
  1.45545		  125.319		-548.2446518068
  1.45545		  97.2555		-548.2153853076
  1.45545		  109.447		-548.2413853139
  1.45545		  117.974		-548.2467098718
  1.45545		  126.916		-548.2434762611
  1.45545		  124.089		-548.2453863221
  1.45545		  103.579		-548.2320040180
  1.45545		  111.814		-548.2437768589
  1.45545		  126.13		-548.2440857723
  1.45545		  111.364		-548.2433792273
  1.45545		  98.2695		-548.2185723770
  1.45545		  145.251		-548.2145482858
  1.45545		  111.562		-548.2435574221
  1.45545		  127.434		-548.2430422168
  1.45545		  147.03		-548.2105239702
  1.45545		  121.353		-548.2464689745
  1.45545		  101.238		-548.2267204950
  1.45545		  103.669		-548.2321883976
  1.45545		  121.783		-548.2463502418
  1.45545		  105.521		-548.2356900116
  1.45545		  145.35		-548.2143286203
  1.45545		  115.426		-548.2460464982
  1.45545		  122.711		-548.2460281220
  1.45545		  111.732		-548.2437063564
  1.45545		  125.544		-548.2445012223
  1.45545		  142.41		-548.2206162413
  1.45545		  124.237		-548.2453059383
  1.69948		  134.034		-548.1857682923
  1.69948		  101.874		-548.1869986497
  1.69948		  141.582		-548.1769403045
  1.69948		  131.174		-548.1884373229
  1.69948		  104.146		-548.1894042116
  1.69948		  93.0831		-548.1726961560
  1.69948		  144.84		-548.1724465917
  1.69948		  149.596		-548.1653361418
  1.69948		  146.785		-548.1696069350
  1.69948		  101.703		-548.1867981158
  1.69948		  101.688		-548.1867803918
  1.69948		  144.647		-548.1727224165
  1.69948		  112.277		-548.1944213834
  1.69948		  119.963		-548.1946630858
  1.69948		  128.433		-548.1906070254
  1.69948		  106.086		-548.1910927042
  1.69948		  110.158		-548.1936184722
  1.69948		  92.0299		-548.1703664480
  1.69948		  91.7355		-548.1696881979
  1.69948		  137.783		-548.1816866308
  1.69948		  119.353		-548.1947881371
  1.69948		  142.534		-548.1756644861
  1.69948		  141.097		-548.1775776167
  1.69948		  106.514		-548.1914217618
  1.69948		  128.023		-548.1908974862
  1.69948		  134.807		-548.1849791826
  1.69948		  133.697		-548.1861034738
  1.69948		  101.978		-548.1871192494
  1.69948		  146.591		-548.1698948198
  1.69948		  110.723		-548.1938656123
  1.69948		  112.666		-548.1945325430
  1.69948		  141.101		-548.1775723963
  1.69948		  149.039		-548.1661958729
  1.69948		  104.065		-548.1893265388
  1.69948		  133.456		-548.1863398440
  1.69948		  149.092		-548.1661143270
  1.69948		  111.966		-548.1943245274
  1.69948		  124.626		-548.1929472448
  1.69948		  112.424		-548.1944646905
  1.69948		  108.29		-548.1926252275
  1.69948		  112.993		-548.1946174572
  1.69948		  107.468		-548.1921002945
  1.69948		  115.729		-548.1950294597
  1.69948		  118.74		-548.1948897540
  1.69948		  97.801		-548.1814307883
  1.69948		  126.762		-548.1917335348
  1.69948		  109.065		-548.1930705490
  1.69948		  139.095		-548.1801129179
  1.69948		  110.052		-548.1935693853
  1.69948		  136.867		-548.1827419884
  1.44457		  99.1667		-548.2183000874
  1.44457		  112.761		-548.2424492012
  1.44457		  142.824		-548.2176016221
  1.44457		  132.749		-548.2352364269
  1.44457		  109.672		-548.2394441301
  1.44457		  140.045		-548.2232077306
  1.44457		  145.143		-548.2125533275
  1.44457		  107.962		-548.2372112341
  1.44457		  111.186		-548.2410774936
  1.44457		  117.204		-548.2446285595
  1.44457		  109.093		-548.2387351178
  1.44457		  134.547		-548.2326656649
  1.44457		  95.0026		-548.2041339810
  1.44457		  138.414		-548.2262510579
  1.44457		  130.425		-548.2381445167
  1.44457		  98.6268		-548.2166764776
  1.44457		  103.949		-548.2302286306
  1.44457		  122.335		-548.2442801304
  1.44457		  145.384		-548.2120109895
  1.44457		  124.225		-548.2434328503
  1.44457		  101.895		-548.2256224556
  1.44457		  132.545		-548.2355107238
  1.44457		  96.868		-548.2109587869
  1.44457		  98.9355		-548.2176121619
  1.44457		  139.862		-548.2235586225
  1.44457		  90.8443		-548.1857573901
  1.44457		  124.828		-548.2430847411
  1.44457		  114.24		-548.2434450919
  1.44457		  139.294		-548.2246327070
  1.44457		  101.085		-548.2235972718
  1.44457		  100.702		-548.2225968353
  1.44457		  133.181		-548.2346437379
  1.44457		  93.9433		-548.1998853460
  1.44457		  132.488		-548.2355867217
  1.44457		  111.458		-548.2413378591
  1.44457		  110.393		-548.2402612886
  1.44457		  102.875		-548.2279127153
  1.44457		  145.925		-548.2107821115
  1.44457		  135.315		-548.2314856708
  1.44457		  127.073		-548.2414671622
  1.44457		  142.434		-548.2184187332
  1.44457		  106.838		-548.2355093740
  1.44457		  95.5364		-548.2061705454
  1.44457		  135.051		-548.2318967136
  1.44457		  104.846		-548.2320129059
  1.44457		  116.348		-548.2443951397
  1.44457		  122.892		-548.2440692923
  1.44457		  121.306		-548.2445827191
  1.44457		  149.035		-548.2034374700
  1.44457		  111.052		-548.2409455674
  1.71016		  91.0184		-548.1642986746
  1.71016		  139.521		-548.1753308739
  1.71016		  94.2672		-548.1712540671
  1.71016		  127.482		-548.1867928963
  1.71016		  127.542		-548.1867533448
  1.71016		  130.512		-548.1845608359
  1.71016		  121.159		-548.1898386984
  1.71016		  91.0246		-548.1643132914
  1.71016		  148.675		-548.1627690563
  1.71016		  97.5218		-548.1769336264
  1.71016		  137.761		-548.1774139848
  1.71016		  131.823		-548.1834509858
  1.71016		  118.389		-548.1904284288
  1.71016		  132.385		-548.1829494739
  1.71016		  129.03		-548.1857117790
  1.71016		  128.22		-548.1862931562
  1.71016		  116.536		-548.1905512970
  1.71016		  98.6599		-548.1786449734
  1.71016		  97.9812		-548.1776407877
  1.71016		  129.019		-548.1857199024
  1.71016		  121.651		-548.1896846902
  1.71016		  136.773		-548.1785273694
  1.71016		  117.532		-548.1905129403
  1.71016		  121.433		-548.1897547273
  1.71016		  95.9709		-548.1743772862
  1.71016		  111.93		-548.1898568527
  1.71016		  94.9977		-548.1726349470
  1.71016		  132.849		-548.1825239711
  1.71016		  121.238		-548.1898149527
  1.71016		  132.798		-548.1825712424
  1.71016		  142.448		-548.1716032224
  1.71016		  137.563		-548.1776404100
  1.71016		  135.383		-548.1800225249
  1.71016		  123.202		-548.1891049134
  1.71016		  141.445		-548.1729156809
  1.71016		  135.717		-548.1796710121
  1.71016		  115.628		-548.1905292135
  1.71016		  121.865		-548.1896131676
  1.71016		  147.599		-548.1643677182
  1.71016		  143.951		-548.1695730028
  1.71016		  112.316		-548.1899719520
  1.71016		  111.917		-548.1898527896
  1.71016		  117.826		-548.1904892737
  1.71016		  90.5189		-548.1631031923
  1.71016		  136.72		-548.1785859222
  1.71016		  123.4		-548.1890207472
  1.71016		  145.857		-548.1668983509
  1.71016		  145.4		-548.1675491701
  1.71016		  102.716		-548.1836941528
  1.71016		  98.8839		-548.1789659493
  1.59765		  92.1993		-548.1992122437
  1.59765		  90.8351		-548.1949726392
  1.59765		  136.942		-548.2178366179
  1.59765		  95.8438		-548.2089386783
  1.59765		  142.648		-548.2092229085
  1.59765		  100.432		-548.2183035324
  1.59765		  133.272		-548.2224410305
  1.59765		  138.691		-548.2153735720
  1.59765		  124.505		-548.2299598308
  1.59765		  142.89		-548.2088227077
  1.59765		  112.243		-548.2307796539
  1.59765		  96.8866		-548.2113307945
  1.59765		  122.247		-548.2310167658
  1.59765		  97.779		-548.2132504270
  1.59765		  107.51		-548.2275552495
  1.59765		  98.2762		-548.2142705940
  1.59765		  117.184		-548.2319435622
  1.59765		  141.995		-548.2102896351
  1.59765		  103.895		-548.2235475696
  1.59765		  149.384		-548.1972296894
  1.59765		  147.543		-548.2006650320
  1.59765		  116.554		-548.2319127073
  1.59765		  147.579		-548.2005988406
  1.59765		  148.896		-548.1981498716
  1.59765		  139.313		-548.2144583301
  1.59765		  96.0736		-548.2094799407
  1.59765		  108.875		-548.2287103724
  1.59765		  97.2501		-548.2121266372
  1.59765		  111.73		-548.2305338421
  1.59765		  103.532		-548.2230650661
  1.59765		  119.269		-548.2318109917
  1.59765		  91.8139		-548.1980496977
  1.59765		  149.557		-548.1969019430
  1.59765		  132.957		-548.2227987303
  1.59765		  104.085		-548.2237940909
  1.59765		  117.198		-548.2319438695
  1.59765		  139.103		-548.2147695841
  1.59765		  113.451		-548.2312632960
  1.59765		  145.387		-548.2045482760
  1.59765		  103.755		-548.2233632776
  1.59765		  136.658		-548.2182207290
  1.59765		  124.908		-548.2297312893
  1.59765		  112.721		-548.2309868943
  1.59765		  135.338		-548.2199459807
  1.59765		  115.594		-548.2318010125
  1.59765		  105.68		-548.2257037623
  1.59765		  112.669		-548.2309653622
  1.59765		  101.881		-548.2206752005
  1.59765		  111.494		-548.2304125517
  1.59765		  112.348		-548.2308269720
  1.55935		  102.605		-548.2299622093
  1.55935		  107.997		-548.2369416965
  1.55935		  106.112		-548.2348970473
  1.55935		  108.222		-548.2371589087
  1.55935		  112.314		-548.2401635130
  1.55935		  102.866		-548.2303829165
  1.55935		  140.706		-548.2210146728
  1.55935		  110.606		-548.2391226666
  1.55935		  110.966		-548.2393669071
  1.55935		  124.317		-548.2397600310
  1.55935		  131.944		-548.2333193338
  1.55935		  113.371		-548.2406606222
  1.55935		  116.958		-548.2415460341
  1.55935		  136.537		-548.2274585865
  1.55935		  116.071		-548.2414395068
  1.55935		  99.2038		-548.2236295212
  1.55935		  97.7884		-548.2204986547
  1.55935		  96.6606		-548.2177788404
  1.55935		  103.269		-548.2310151045
  1.55935		  119.39		-548.2414729387
  1.55935		  140.333		-548.2216310987
  1.55935		  95.6674		-548.2152100422
  1.55935		  148.525		-548.2065742280
  1.55935		  145.183		-548.2130709053
  1.55935		  137.478		-548.2260925049
  1.55935		  104.743		-548.2331515888
  1.55935		  103.567		-548.2314691337
  1.55935		  94.8866		-548.2130716336
  1.55935		  121.379		-548.2410273686
  1.55935		  148.469		-548.2066864101
  1.55935		  144.272		-548.2147638786
  1.55935		  139.515		-548.2229564559
  1.55935		  127.345		-548.2377275545
  1.55935		  144.494		-548.2143546851
  1.55935		  137.565		-548.2259635124
  1.55935		  135.94		-548.2282971848
  1.55935		  144.44		-548.2144544211
  1.55935		  98.3211		-548.2217130710
  1.55935		  141.276		-548.2200584011
  1.55935		  97.3709		-548.2195156656
  1.55935		  117.972		-548.2415798792
  1.55935		  104.924		-548.2333953272
  1.55935		  146.965		-548.2096591148
  1.55935		  121.879		-548.2408622667
  1.55935		  114.455		-548.2410568853
  1.55935		  121.883		-548.2408608611
  1.55935		  139.026		-548.2237310147
  1.55935		  113.016		-548.2405059806
  1.55935		  123.168		-548.2403403301
  1.55935		  95.3888		-548.2144592681
  1.70697		  92.9881		-548.1698291342
  1.70697		  118.318		-548.1917926391
  1.70697		  92.9243		-548.1696941512
  1.70697		  101.249		-548.1833149393
  1.70697		  111.53		-548.1910646619
  1.70697		  138.773		-548.1775170769
  1.70697		  124.554		-548.1898376329
  1.70697		  108.811		-548.1898496209
  1.70697		  117.514		-548.1918687585
  1.70697		  129.955		-548.1863425983
  1.70697		  123.787		-548.1902032978
  1.70697		  117.913		-548.1918362191
  1.70697		  90.7058		-548.1646610481
  1.70697		  105.097		-548.1872520054
  1.70697		  148.437		-548.1643268991
  1.70697		  139.071		-548.1771587795
  1.70697		  143.332		-548.1716674872
  1.70697		  128.952		-548.1871092682
  1.70697		  115.349		-548.1918620654
  1.70697		  121.64		-548.1910441881
  1.70697		  103.75		-548.1860246988
  1.70697		  104.861		-548.1870483258
  1.70697		  120.001		-548.1914994198
  1.70697		  145.861		-548.1681194675
  1.70697		  113.743		-548.1916518719
  1.70697		  98.3731		-548.1794583888
  1.70697		  125.021		-548.1895985408
  1.70697		  100.392		-548.1822514843
  1.70697		  130.521		-548.1858872396
  1.70697		  104.953		-548.1871282934
  1.70697		  131.654		-548.1849273908
  1.70697		  99.5035		-548.1810730023
  1.70697		  101.126		-548.1831666537
  1.70697		  127.359		-548.1882187738
  1.70697		  135.166		-548.1815578406
  1.70697		  101.867		-548.1840382746
  1.70697		  122.282		-548.1908213820
  1.70697		  120.768		-548.1913069042
  1.70697		  93.9077		-548.1717170067
  1.70697		  118.375		-548.1917856568
  1.70697		  111.08		-548.1909018526
  1.70697		  103.871		-548.1861414266
  1.70697		  91.3081		-548.1660944500
  1.70697		  124.438		-548.1898950997
  1.70697		  132.915		-548.1837849070
  1.70697		  109.181		-548.1900480049
  1.70697		  135.359		-548.1813560258
  1.70697		  111.712		-548.1911262852
  1.70697		  112.991		-548.1914916143
  1.70697		  124.987		-548.1896163649
  1.37264		  92.7431		-548.1510985450
  1.37264		  96.7667		-548.1707694796
  1.37264		  101.353		-548.1878206769
  1.37264		  143.28		-548.1853690637
  1.37264		  147.021		-548.1762249792
  1.37264		  105.246		-548.1985045494
  1.37264		  112.775		-548.2110411848
  1.37264		  99.3652		-548.1810701069
  1.37264		  111.521		-548.2096163872
  1.37264		  139.053		-548.1945229541
  1.37264		  113.729		-548.2119621919
  1.37264		  103.527		-548.1941793946
  1.37264		  147.737		-548.1743799535
  1.37264		  107.411		-548.2031316028
  1.37264		  112.66		-548.2109207540
  1.37264		  117.588		-548.2143263495
  1.37264		  118.828		-548.2146453347
  1.37264		  125.834		-548.2127669751
  1.37264		  112.568		-548.2108229364
  1.37264		  119.535		-548.2147355506
  1.37264		  113.3		-548.2115651631
  1.37264		  113.763		-548.2119924712
  1.37264		  95.2698		-548.1640102950
  1.37264		  98.0245		-548.1759739198
  1.37264		  116.122		-548.2136780881
  1.37264		  118.824		-548.2146446367
  1.37264		  125.6		-548.2129252253
  1.37264		  95.6006		-548.1655587212
  1.37264		  141.372		-548.1896693893
  1.37264		  144.941		-548.1814182501
  1.37264		  143.736		-548.1843029059
  1.37264		  95.7448		-548.1662238446
  1.37264		  131.265		-548.2073901396
  1.37264		  93.0109		-548.1525613362
  1.37264		  129.629		-548.2093440580
  1.37264		  119.429		-548.2147262088
  1.37264		  107.399		-548.2031083645
  1.37264		  117.048		-548.2141222166
  1.37264		  90.945		-548.1406606298
  1.37264		  140.594		-548.1913449486
  1.37264		  142.887		-548.1862763114
  1.37264		  99.245		-548.1806315754
  1.37264		  122.666		-548.2143637689
  1.37264		  149.815		-548.1688800831
  1.37264		  105.47		-548.1990247218
  1.37264		  107.094		-548.2025089033
  1.37264		  110.342		-548.2080476434
  1.37264		  121.011		-548.2147146669
  1.37264		  108.764		-548.2055862500
  1.37264		  109.737		-548.2071537981
  1.42858		  119.477		-548.2409025600
  1.42858		  107.113		-548.2313710291
  1.42858		  108.161		-548.2330065931
  1.42858		  93.4793		-548.1914611981
  1.42858		  149.373		-548.1980353956
  1.42858		  104.774		-548.2270841151
  1.42858		  141.447		-548.2162467833
  1.42858		  143.949		-548.2108872878
  1.42858		  145.989		-548.2062337151
  1.42858		  111.128		-548.2367421829
  1.42858		  114.692		-548.2396027024
  1.42858		  140.994		-548.2171728252
  1.42858		  129.194		-548.2356109245
  1.42858		  91.38		-548.1814619733
  1.42858		  118.562		-548.2408670260
  1.42858		  121.438		-548.2406543562
  1.42858		  140.087		-548.2189839171
  1.42858		  136.25		-548.2259702877
  1.42858		  91.4758		-548.1819460594
  1.42858		  139.874		-548.2194007463
  1.42858		  105.72		-548.2289267333
  1.42858		  105.018		-548.2275738619
  1.42858		  125.291		-548.2389306999
  1.42858		  140.224		-548.2187140937
  1.42858		  128.336		-548.2364706989
  1.42858		  92.7564		-548.1881591842
  1.42858		  144.431		-548.2098095873
  1.42858		  103.259		-548.2238112418
  1.42858		  90.3995		-548.1763474253
  1.42858		  108.275		-548.2331742647
  1.42858		  132.011		-548.2322962133
  1.42858		  112.43		-548.2379851365
  1.42858		  111.733		-548.2373488198
  1.42858		  93.0412		-548.1894773472
  1.42858		  104.315		-548.2261350903
  1.42858		  90.9907		-548.1794664317
  1.42858		  148.799		-548.1994629972
  1.42858		  92.7896		-548.1883140148
  1.42858		  124.105		-548.2396309070
  1.42858		  110.856		-548.2364527645
  1.42858		  103.804		-548.2250353176
  1.42858		  127.105		-548.2375778259
  1.42858		  119.044		-548.2408979320
  1.42858		  94.6361		-548.1964511747
  1.42858		  109.538		-548.2349007606
  1.42858		  96.8904		-548.2051969805
  1.42858		  125.161		-548.2390146481
  1.42858		  91.557		-548.1823542295
  1.42858		  112.347		-548.2379128385
  1.42858		  97.5248		-548.2074384100
  1.6691		  128.238		-548.2029355848
  1.6691		  135.009		-548.1966465807
  1.6691		  147.026		-548.1801962275
  1.6691		  136.927		-548.1944336638
  1.6691		  103.589		-548.2004583897
  1.6691		  96.4341		-548.1899312351
  1.6691		  143.055		-548.1862549110
  1.6691		  146.571		-548.1809153132
  1.6691		  127.516		-548.2034559142
  1.6691		  132.23		-548.1995256349
  1.6691		  147.659		-548.1791864030
  1.6691		  144.406		-548.1842516439
  1.6691		  113.374		-548.2069002841
  1.6691		  147.376		-548.1796391949
  1.6691		  148.531		-548.1777784432
  1.6691		  115.366		-548.2072567103
  1.6691		  144.949		-548.1834288234
  1.6691		  100.53		-548.1966375158
  1.6691		  113.835		-548.2070094373
  1.6691		  125.949		-548.2044792113
  1.6691		  145.438		-548.1826796104
  1.6691		  140.298		-548.1901303726
  1.6691		  93.0495		-548.1828296090
  1.6691		  138.533		-548.1924468299
  1.6691		  142.918		-548.1864544066
  1.6691		  149.143		-548.1767794838
  1.6691		  129.842		-548.2016722081
  1.6691		  109.643		-548.2054028196
  1.6691		  98.5936		-548.1937069281
  1.6691		  135.025		-548.1966288652
  1.6691		  125.608		-548.2046823287
  1.6691		  107.129		-548.2037466185
  1.6691		  115.629		-548.2072816145
  1.6691		  140.004		-548.1905255351
  1.6691		  144.159		-548.1846226565
  1.6691		  133.272		-548.1984928981
  1.6691		  107.59		-548.2040911051
  1.6691		  138.636		-548.1923153962
  1.6691		  123.173		-548.2059236044
  1.6691		  140.939		-548.1892563248
  1.6691		  130.232		-548.2013430512
  1.6691		  132.774		-548.1989935964
  1.6691		  106.935		-548.2035960510
  1.6691		  105.797		-548.2026449920
  1.6691		  108.268		-548.2045640970
  1.6691		  98.1283		-548.1929399215
  1.6691		  138.013		-548.1931030901
  1.6691		  131.562		-548.2001573757
  1.6691		  137.104		-548.1942205490
  1.6691		  115.155		-548.2072330358
  1.73894		  97.8593		-548.1660444802
  1.73894		  96.0541		-548.1633273646
  1.73894		  108.885		-548.1762905088
  1.73894		  125.428		-548.1755514591
  1.73894		  142.388		-548.1600290104
  1.73894		  99.0143		-548.1676135278
  1.73894		  109.342		-548.1765075095
  1.73894		  96.5712		-548.1641396434
  1.73894		  101.464		-548.1705293850
  1.73894		  117.441		-548.1780000601
  1.73894		  91.2476		-548.1543545537
  1.73894		  138.785		-548.1643155126
  1.73894		  144.796		-548.1569308146
  1.73894		  149.24		-548.1508250935
  1.73894		  143.312		-548.1588604323
  1.73894		  102.478		-548.1715801527
  1.73894		  96.3379		-548.1637766059
  1.73894		  96.0843		-548.1633755698
  1.73894		  109.29		-548.1764835743
  1.73894		  128.033		-548.1740095913
  1.73894		  134.705		-548.1685821024
  1.73894		  100.593		-548.1695549584
  1.73894		  91.8354		-548.1555990961
  1.73894		  128.646		-548.1735976314
  1.73894		  95.6547		-548.1626808012
  1.73894		  100.892		-548.1698970653
  1.73894		  98.5342		-548.1669769215
  1.73894		  146.383		-548.1548016927
  1.73894		  108.52		-548.1761063563
  1.73894		  98.6846		-548.1671787156
  1.73894		  97.1831		-548.1650653296
  1.73894		  110.688		-548.1770603754
  1.73894		  101.502		-548.1705703713
  1.73894		  148.826		-548.1514112017
  1.73894		  139.853		-548.1630923313
  1.73894		  112.849		-548.1776860630
  1.73894		  100.165		-548.1690512391
  1.73894		  100.687		-548.1696633737
  1.73894		  100.851		-548.1698506274
  1.73894		  131.921		-548.1710935913
  1.73894		  104.388		-548.1733237545
  1.73894		  134.353		-548.1689182566
  1.73894		  92.8184		-548.1575843781
  1.73894		  127.516		-548.1743426956
  1.73894		  137.722		-548.1654906469
  1.73894		  142.84		-548.1594606528
  1.73894		  138.193		-548.1649752777
  1.73894		  127.511		-548.1743458526
  1.73894		  105.587		-548.1742668445
  1.73894		  130.008		-548.1726174238
  1.55301		  148.376		-548.2078442423
  1.55301		  127.149		-548.2391638991
  1.55301		  128.741		-548.2378270886
  1.55301		  95.9671		-548.2167697101
  1.55301		  144.476		-548.2154433449
  1.55301		  123.161		-548.2416374723
  1.55301		  95.0889		-548.2143602889
  1.55301		  116.045		-548.2427021288
  1.55301		  118.216		-548.2428558710
  1.55301		  143.386		-548.2174516222
  1.55301		  94.5986		-548.2129551083
  1.55301		  135.325		-548.2303466516
  1.55301		  148.967		-548.2066435569
  1.55301		  94.7147		-548.2132918035
  1.55301		  92.2065		-548.2054467145
  1.55301		  105.145		-548.2347785665
  1.55301		  108.902		-548.2389541761
  1.55301		  135.643		-548.2299107860
  1.55301		  122.76		-548.2418144479
  1.55301		  134.346		-548.2316473692
  1.55301		  108.608		-548.2386857168
  1.55301		  98.0958		-548.2220656914
  1.55301		  148.51		-548.2075730076
  1.55301		  136.407		-548.2288373271
  1.55301		  133.532		-548.2326806828
  1.55301		  136.067		-548.2293195963
  1.55301		  136.89		-548.2281398189
  1.55301		  117.797		-548.2428599399
  1.55301		  95.7632		-548.2162223770
  1.55301		  116.333		-548.2427476694
  1.55301		  147.019		-548.2105557091
  1.55301		  124.393		-548.2410104135
  1.55301		  141.778		-548.2203095355
  1.55301		  108.571		-548.2386512519
  1.55301		  132.211		-548.2342620084
  1.55301		  100.861		-548.2278818408
  1.55301		  110.547		-548.2402823890
  1.55301		  145.49		-548.2135269050
  1.55301		  112.038		-548.2412385169
  1.55301		  103.818		-548.2328987762
  1.55301		  94.4322		-548.2124682168
  1.55301		  132.164		-548.2343160522
  1.55301		  144.941		-548.2145700953
  1.55301		  111.499		-548.2409194987
  1.55301		  111.268		-548.2407735995
  1.55301		  92.9851		-548.2080134266
  1.55301		  130.121		-548.2365140226
  1.55301		  95.9425		-548.2167040588
  1.55301		  101.899		-548.2297780328
  1.55301		  105.325		-548.2350166740
  1.38031		  117.505		-548.2192228680
  1.38031		  101.822		-548.1949090693
  1.38031		  90.8661		-548.1469320769
  1.38031		  114.815		-548.2178353027
  1.38031		  127.727		-548.2160764848
  1.38031		  111.862		-548.2151139269
  1.38031		  101.614		-548.1942834858
  1.38031		  96.0092		-548.1735717299
  1.38031		  149.846		-548.1738930427
  1.38031		  125.243		-548.2179809209
  1.38031		  123.472		-548.2189095991
  1.38031		  100.545		-548.1909165691
  1.38031		  105.04		-548.2034298777
  1.38031		  113.11		-548.2164229207
  1.38031		  95.8908		-548.1730472672
  1.38031		  122.092		-548.2193762615
  1.38031		  96.4687		-548.1755705835
  1.38031		  141.357		-548.1946299818
  1.38031		  96.2736		-548.1747289460
  1.38031		  121.486		-548.2195082743
  1.38031		  93.3646		-548.1608961160
  1.38031		  106.361		-548.2063338541
  1.38031		  100.037		-548.1892253863
  1.38031		  117.204		-548.2191170440
  1.38031		  101.823		-548.1949120541
  1.38031		  125.02		-548.2181178686
  1.38031		  146.919		-548.1815177822
  1.38031		  134.932		-548.2068794599
  1.38031		  115.449		-548.2182532246
  1.38031		  116.77		-548.2189428688
  1.38031		  131.827		-548.2114806961
  1.38031		  110.541		-548.2134647344
  1.38031		  121.275		-548.2195436410
  1.38031		  126.096		-548.2174047906
  1.38031		  146.469		-548.1826509468
  1.38031		  145.538		-548.1849582692
  1.38031		  117.012		-548.2190431466
  1.38031		  138.788		-548.1999397046
  1.38031		  117.944		-548.2193554177
  1.38031		  101.44		-548.1937528573
  1.38031		  141.966		-548.1932970688
  1.38031		  140.083		-548.1973278898
  1.38031		  105.444		-548.2043531009
  1.38031		  99.411		-548.1870581667
  1.38031		  146.512		-548.1825431596
  1.38031		  91.0434		-548.1479913974
  1.38031		  97.9273		-548.1815414397
  1.38031		  135.069		-548.2066554781
  1.38031		  140.955		-548.1954946802
  1.38031		  101.863		-548.1950312657
  1.57571		  104.14		-548.2291033415
  1.57571		  128.582		-548.2329744999
  1.57571		  101.132		-548.2244363071
  1.57571		  147.539		-548.2055499518
  1.57571		  92.4311		-548.2036178040
  1.57571		  91.9244		-548.2020100004
  1.57571		  103.408		-548.2280717363
  1.57571		  102.958		-548.2274049848
  1.57571		  96.5339		-548.2149282091
  1.57571		  141.571		-548.2162623665
  1.57571		  144.698		-548.2108373003
  1.57571		  109.465		-548.2347587331
  1.57571		  97.3653		-548.2168785311
  1.57571		  145.593		-548.2092054208
  1.57571		  106.983		-548.2325132279
  1.57571		  142.593		-548.2145391773
  1.57571		  129.42		-548.2322248322
  1.57571		  94.3425		-548.2092515244
  1.57571		  129.2		-548.2324264636
  1.57571		  121.476		-548.2372271388
  1.57571		  112.723		-548.2367469774
  1.57571		  116.155		-548.2377432305
  1.57571		  95.0148		-548.2110785371
  1.57571		  91.4655		-548.2005106022
  1.57571		  90.8559		-548.1984535637
  1.57571		  99.3495		-548.2211113188
  1.57571		  115.039		-548.2375381884
  1.57571		  131.297		-548.2303675786
  1.57571		  142.132		-548.2153227191
  1.57571		  107.502		-548.2330373857
  1.57571		  128.819		-548.2327675456
  1.57571		  116.697		-548.2378025048
  1.57571		  90.0016		-548.1954415021
  1.57571		  92.7514		-548.2046088062
  1.57571		  133.625		-548.2277342036
  1.57571		  124.551		-548.2358629700
  1.57571		  126.705		-548.2344699009
  1.57571		  144.123		-548.2118680197
  1.57571		  147.001		-548.2065744399
  1.57571		  133.873		-548.2274328712
  1.57571		  92.3349		-548.2033163554
  1.57571		  123.125		-548.2365888515
  1.57571		  144.11		-548.2118911581
  1.57571		  133.143		-548.2283085700
  1.57571		  142.218		-548.2151773205
  1.57571		  117.099		-548.2378296595
  1.57571		  123.652		-548.2363391456
  1.57571		  98.0815		-548.2184735130
  1.57571		  141.545		-548.2163055404
  1.57571		  108.427		-548.2338993196
  1.628		  94.0927		-548.1973522608
  1.628		  136.091		-548.2098399858
  1.628		  121.36		-548.2217003548
  1.628		  134.783		-548.2114248121
  1.628		  110.101		-548.2203278729
  1.628		  92.3809		-548.1929451583
  1.628		  110.85		-548.2207463415
  1.628		  147.257		-548.1930023709
  1.628		  109.913		-548.2202149278
  1.628		  104.625		-548.2156693141
  1.628		  109.276		-548.2198083516
  1.628		  119.571		-548.2221485390
  1.628		  94.4846		-548.1982970190
  1.628		  148.449		-548.1909233528
  1.628		  131.558		-548.2149225663
  1.628		  137.18		-548.2084508665
  1.628		  100.316		-548.2098245372
  1.628		  101.552		-548.2117145965
  1.628		  136.879		-548.2088410221
  1.628		  125.205		-548.2199593877
  1.628		  93.7337		-548.1964662479
  1.628		  107.486		-548.2184641919
  1.628		  143.79		-548.1987881058
  1.628		  138.223		-548.2070630619
  1.628		  138.757		-548.2063314092
  1.628		  142.62		-548.2006397122
  1.628		  113.376		-548.2217955533
  1.628		  130.321		-548.2161022056
  1.628		  117.584		-548.2223645904
  1.628		  113.998		-548.2219705398
  1.628		  125.064		-548.2200413676
  1.628		  135.438		-548.2106427839
  1.628		  112.353		-548.2214368452
  1.628		  109.138		-548.2197153728
  1.628		  143.659		-548.1989981442
  1.628		  138.045		-548.2073037984
  1.628		  94.1866		-548.1975807473
  1.628		  149.704		-548.1886931398
  1.628		  114.405		-548.2220676330
  1.628		  136.411		-548.2094382608
  1.628		  117.119		-548.2223712603
  1.628		  103.713		-548.2146024863
  1.628		  91.8748		-548.1915512034
  1.628		  100.669		-548.2103826272
  1.628		  147.055		-548.1933505406
  1.628		  117.393		-548.2223693707
  1.628		  118.656		-548.2222854477
  1.628		  143.942		-548.1985435582
  1.628		  101.88		-548.2121864670
  1.628		  100.666		-548.2103779464
  1.43494		  120.637		-548.2425286004
  1.43494		  129.468		-548.2370273332
  1.43494		  141.08		-548.2188222293
  1.43494		  96.1221		-548.2049119441
  1.43494		  135.715		-548.2286052447
  1.43494		  123.464		-548.2416515235
  1.43494		  122.297		-548.2421189224
  1.43494		  136.457		-548.2273835516
  1.43494		  99.522		-548.2162436487
  1.43494		  111.897		-548.2393563889
  1.43494		  124.963		-548.2408394364
  1.43494		  118.131		-548.2425605062
  1.43494		  123.622		-548.2415770621
  1.43494		  132.41		-548.2334902275
  1.43494		  90.0808		-548.1776878990
  1.43494		  114.66		-548.2413796390
  1.43494		  97.8948		-548.2111392639
  1.43494		  94.3698		-548.1980209218
  1.43494		  102.589		-548.2244075262
  1.43494		  111.271		-548.2387570741
  1.43494		  122.569		-548.2420230663
  1.43494		  99.4024		-548.2158875135
  1.43494		  115.254		-548.2416864495
  1.43494		  121.382		-548.2423822730
  1.43494		  115.596		-548.2418431170
  1.43494		  148.773		-548.2014949752
  1.43494		  112.052		-548.2394965600
  1.43494		  137.848		-548.2249758905
  1.43494		  111.604		-548.2390825319
  1.43494		  147.554		-548.2044522335
  1.43494		  146.412		-548.2071589476
  1.43494		  119.803		-548.2426187844
  1.43494		  119.692		-548.2426248613
  1.43494		  131.805		-548.2342819770
  1.43494		  136.786		-548.2268277711
  1.43494		  145.257		-548.2098277835
  1.43494		  104.043		-548.2276643512
  1.43494		  131.454		-548.2347262758
  1.43494		  107.502		-548.2339745195
  1.43494		  113.747		-548.2408209487
  1.43494		  136.927		-548.2265869609
  1.43494		  128.347		-548.2381623729
  1.43494		  115.225		-548.2416724963
  1.43494		  108.558		-548.2355242375
  1.43494		  138.299		-548.2241632254
  1.43494		  92.8518		-548.1914149690
  1.43494		  126.725		-548.2395885175
  1.43494		  109.515		-548.2367851808
  1.43494		  128.914		-548.2376033096
  1.43494		  103.898		-548.2273563152
  1.56631		  107.126		-548.2346837898
  1.56631		  133.272		-548.2303043474
  1.56631		  109.65		-548.2369922022
  1.56631		  139.721		-548.2212622150
  1.56631		  91.731		-548.2025601834
  1.56631		  104.134		-548.2310161170
  1.56631		  118.119		-548.2400595778
  1.56631		  127.603		-548.2360059243
  1.56631		  127.418		-548.2361530644
  1.56631		  105.764		-548.2331442078
  1.56631		  96.8664		-548.2172801205
  1.56631		  108.082		-548.2356396080
  1.56631		  116.106		-548.2399421907
  1.56631		  99.4067		-548.2229310921
  1.56631		  99.5421		-548.2232051767
  1.56631		  119.945		-548.2398568828
  1.56631		  96.0235		-548.2151812680
  1.56631		  118.239		-548.2400551743
  1.56631		  124.873		-548.2379133205
  1.56631		  125.975		-548.2372121356
  1.56631		  93.8801		-548.2093011843
  1.56631		  140.778		-548.2195507490
  1.56631		  129.277		-548.2345595760
  1.56631		  124.241		-548.2382725853
  1.56631		  149.22		-548.2040190017
  1.56631		  108.744		-548.2362427969
  1.56631		  92.4487		-548.2049107782
  1.56631		  107.328		-548.2348942044
  1.56631		  105.129		-548.2323529119
  1.56631		  116.735		-548.2400179938
  1.56631		  95.0822		-548.2126974484
  1.56631		  118.341		-548.2400504359
  1.56631		  116.498		-548.2399936480
  1.56631		  127.57		-548.2360323583
  1.56631		  132.746		-548.2309269618
  1.56631		  132.962		-548.2306735113
  1.56631		  123.034		-548.2388703700
  1.56631		  113.957		-548.2394079516
  1.56631		  139.646		-548.2213813692
  1.56631		  100.602		-548.2252603493
  1.56631		  119.937		-548.2398583983
  1.56631		  128.414		-548.2353308927
  1.56631		  145.743		-548.2107737224
  1.56631		  121.422		-548.2394842389
  1.56631		  125.633		-548.2374398272
  1.56631		  139.299		-548.2219286444
  1.56631		  131.142		-548.2327104847
  1.56631		  118.518		-548.2400400478
  1.56631		  101.217		-548.2263810275
  1.56631		  132.971		-548.2306628833
  1.66098		  108.072		-548.2074636650
  1.66098		  90.5725		-548.1790094001
  1.66098		  136.169		-548.1983347841
  1.66098		  143.713		-548.1881391263
  1.66098		  103.395		-548.2031749067
  1.66098		  108.494		-548.2077525007
  1.66098		  122.921		-548.2091693180
  1.66098		  131.127		-548.2036344625
  1.66098		  94.0351		-548.1876469762
  1.66098		  112.806		-548.2098421835
  1.66098		  96.8893		-548.1934911164
  1.66098		  136.27		-548.1982152800
  1.66098		  137.055		-548.1972695193
  1.66098		  95.5952		-548.1909740814
  1.66098		  91.0182		-548.1802250868
  1.66098		  141.5		-548.1913794028
  1.66098		  119.606		-548.2101920546
  1.66098		  149.558		-548.1788003641
  1.66098		  134.379		-548.2003681780
  1.66098		  99.8177		-548.1984328866
  1.66098		  104.695		-548.2045740817
  1.66098		  146.002		-548.1846025148
  1.66098		  115.591		-548.2104014029
  1.66098		  116.305		-548.2104499543
  1.66098		  137.232		-548.1970521664
  1.66098		  112.837		-548.2098517210
  1.66098		  122.703		-548.2092591814
  1.66098		  140.279		-548.1930836706
  1.66098		  138.824		-548.1950311147
  1.66098		  127.055		-548.2068903049
  1.66098		  132.663		-548.2021624488
  1.66098		  149.913		-548.1782043089
  1.66098		  139.482		-548.1941619597
  1.66098		  149.049		-548.1796502897
  1.66098		  133.796		-548.2009951316
  1.66098		  124.457		-548.2084486348
  1.66098		  100.422		-548.1993299333
  1.66098		  146.29		-548.1841455390
  1.66098		  137.26		-548.1970176460
  1.66098		  97.5968		-548.1947784573
  1.66098		  91.2032		-548.1807202660
  1.66098		  111.972		-548.2095569225
  1.66098		  112.409		-548.2097133089
  1.66098		  108.088		-548.2074749006
  1.66098		  142.379		-548.1901149265
  1.66098		  101.809		-548.2012387812
  1.66098		  133.054		-548.2017673122
  1.66098		  126.398		-548.2073237823
  1.66098		  102.054		-548.2015547558
  1.66098		  149.57		-548.1787802586
  1.44448		  94.3135		-548.2013707285
  1.44448		  146.631		-548.2091341078
  1.44448		  105.28		-548.2328058600
  1.44448		  119		-548.2448231434
  1.44448		  108.184		-548.2375037265
  1.44448		  117.243		-548.2446184586
  1.44448		  99.2782		-548.2186012632
  1.44448		  149.615		-548.2019986168
  1.44448		  113.529		-548.2429814839
  1.44448		  136.727		-548.2291737466
  1.44448		  125.736		-548.2424730161
  1.44448		  104.811		-548.2319227994
  1.44448		  127.253		-548.2412979212
  1.44448		  121.215		-548.2445858252
  1.44448		  127.406		-548.2411668875
  1.44448		  114.157		-548.2433771833
  1.44448		  139.867		-548.2235294847
  1.44448		  111.057		-548.2409302921
  1.44448		  139.083		-548.2250064355
  1.44448		  98.4849		-548.2162123898
  1.44448		  132.831		-548.2351067516
  1.44448		  138.747		-548.2256259273
  1.44448		  114.001		-548.2432835181
  1.44448		  91.9374		-548.1910092838
  1.44448		  109.65		-548.2393973097
  1.44448		  135.774		-548.2307388339
  1.44448		  145.893		-548.2108341501
  1.44448		  105.199		-548.2326559026
  1.44448		  138.984		-548.2251898137
  1.44448		  137.665		-548.2275644992
  1.44448		  125.934		-548.2423325542
  1.44448		  122.077		-548.2443485389
  1.44448		  106.578		-548.2350663155
  1.44448		  124.635		-548.2431822072
  1.44448		  138.12		-548.2267598802
  1.44448		  149.122		-548.2032037787
  1.44448		  122.137		-548.2443290564
  1.44448		  117.124		-548.2445916929
  1.44448		  94.6987		-548.2029127384
  1.44448		  93.9439		-548.1998561290
  1.44448		  124.936		-548.2430004958
  1.44448		  124.577		-548.2432161613
  1.44448		  125.938		-548.2423296763
  1.44448		  113.123		-548.2426990863
  1.44448		  108.907		-548.2384761902
  1.44448		  132.966		-548.2349222892
  1.44448		  134.309		-548.2330029269
  1.44448		  114.314		-548.2434683786
  1.44448		  91.7462		-548.1901090616
  1.44448		  117.152		-548.2445981397
  1.74336		  143.822		-548.1563870994
  1.74336		  130.581		-548.1702443368
  1.74336		  134.099		-548.1672466240
  1.74336		  116.403		-548.1760826855
  1.74336		  120.991		-548.1753906408
  1.74336		  97.4571		-548.1636711275
  1.74336		  125.039		-548.1737931882
  1.74336		  124.598		-548.1740096826
  1.74336		  90.1859		-548.1503535198
  1.74336		  126.871		-548.1727871247
  1.74336		  100.931		-548.1680917836
  1.74336		  91.4391		-548.1530929743
  1.74336		  137.76		-548.1635690736
  1.74336		  110.865		-548.1751818011
  1.74336		  127.8		-548.1722126825
  1.74336		  142.866		-548.1575995826
  1.74336		  122.527		-548.1748889747
  1.74336		  100.808		-548.1679541139
  1.74336		  140.756		-548.1601752011
  1.74336		  147.474		-548.1515301820
  1.74336		  103.938		-548.1710542967
  1.74336		  116.339		-548.1760834436
  1.74336		  104.46		-548.1714923530
  1.74336		  118.904		-548.1758588308
  1.74336		  103.624		-548.1707801983
  1.74336		  93.0401		-548.1563063327
  1.74336		  134.109		-548.1672373314
  1.74336		  113.037		-548.1757732192
  1.74336		  92.3301		-548.1549196419
  1.74336		  108.176		-548.1739996103
  1.74336		  123.89		-548.1743359707
  1.74336		  122.288		-548.1749755860
  1.74336		  142.172		-548.1584624731
  1.74336		  101.531		-548.1687443265
  1.74336		  115.926		-548.1760822575
  1.74336		  126.916		-548.1727602830
  1.74336		  146.704		-548.1525809700
  1.74336		  122.65		-548.1748431859
  1.74336		  134.524		-548.1668479455
  1.74336		  112.961		-548.1757578298
  1.74336		  103.756		-548.1708964003
  1.74336		  93.9647		-548.1580238898
  1.74336		  103.934		-548.1710508552
  1.74336		  107.152		-548.1734128306
  1.74336		  96.2549		-548.1618709428
  1.74336		  117.829		-548.1760010233
  1.74336		  97.7419		-548.1640764842
  1.74336		  142.628		-548.1578971810
  1.74336		  115.762		-548.1760788547
  1.74336		  141.527		-548.1592507933
  1.30974		  96.0882		-548.0960698362
  1.30974		  119.945		-548.1549385247
  1.30974		  105.188		-548.1334680810
  1.30974		  111.838		-548.1481314942
  1.30974		  108.247		-548.1413572772
  1.30974		  145.492		-548.1198937695
  1.30974		  121.918		-548.1550306552
  1.30974		  105.188		-548.1334680810
  1.30974		  108.904		-548.1427892061
  1.30974		  110.792		-548.1464188336
  1.30974		  122.532		-548.1549454468
  1.30974		  135.366		-548.1421612473
  1.30974		  91.625		-548.0682784114
  1.30974		  101.798		-548.1221698321
  1.30974		  96.5187		-548.0983832618
  1.30974		  107.954		-548.1406896900
  1.30974		  96.3786		-548.0976370312
  1.30974		  91.1932		-548.0651933352
  1.30974		  135.157		-548.1425209991
  1.30974		  125.615		-548.1537360852
  1.30974		  118.493		-548.1545022079
  1.30974		  137.922		-548.1374068500
  1.30974		  131.362		-548.1482431077
  1.30974		  108.61		-548.1421594703
  1.30974		  101.819		-548.1222487524
  1.30974		  99.2038		-548.1114973417
  1.30974		  123.525		-548.1546964525
  1.30974		  122.371		-548.1549729178
  1.30974		  102.913		-548.1262018019
  1.30974		  126.745		-548.1529782977
  1.30974		  149.939		-548.1076980727
  1.30974		  105.007		-548.1329353507
  1.30974		  95.1149		-548.0906126468
  1.30974		  90.6994		-548.0615730481
  1.30974		  114.457		-548.1515388692
  1.30974		  92.459		-548.0740291627
  1.30974		  144.712		-548.1219068566
  1.30974		  120.121		-548.1549698636
  1.30974		  130.713		-548.1490616355
  1.30974		  126.561		-548.1531128393
  1.30974		  121.023		-548.1550588754
  1.30974		  114.021		-548.1510561720
  1.30974		  122.849		-548.1548807820
  1.30974		  149.271		-548.1095983408
  1.30974		  120.043		-548.1549565423
  1.30974		  91.6954		-548.0687743604
  1.30974		  143.814		-548.1241708142
  1.30974		  109.522		-548.1440554624
  1.30974		  133.601		-548.1450557864
  1.30974		  121.754		-548.1550443993
  1.73936		  113.606		-548.1776457950
  1.73936		  93.9113		-548.1594923420
  1.73936		  93.5526		-548.1588284900
  1.73936		  122.03		-548.1768442975
  1.73936		  92.9706		-548.1577195707
  1.73936		  98.1273		-548.1662488118
  1.73936		  91.3796		-548.1544797359
  1.73936		  93.2307		-548.1582200652
  1.73936		  130.842		-548.1717906431
  1.73936		  100.876		-548.1697038077
  1.73936		  105.838		-548.1742693927
  1.73936		  135.778		-548.1673453296
  1.73936		  142.981		-548.1591089176
  1.73936		  136.381		-548.1667309679
  1.73936		  91.3654		-548.1544493998
  1.73936		  144.473		-548.1571845912
  1.73936		  134.479		-548.1686176625
  1.73936		  140.144		-548.1625758501
  1.73936		  94.2803		-548.1601599442
  1.73936		  138.075		-548.1649272385
  1.73936		  134.632		-548.1684714891
  1.73936		  107.163		-548.1751542642
  1.73936		  141.403		-548.1610701838
  1.73936		  133.945		-548.1691199986
  1.73936		  144.107		-548.1576625883
  1.73936		  113.168		-548.1775666590
  1.73936		  110.568		-548.1768323442
  1.73936		  132.515		-548.1704041941
  1.73936		  125.922		-548.1751000962
  1.73936		  143.683		-548.1582115778
  1.73936		  119.895		-548.1774476504
  1.73936		  136.306		-548.1668081871
  1.73936		  143.977		-548.1578314586
  1.73936		  118.104		-548.1777502861
  1.73936		  96.7536		-548.1642505716
  1.73936		  146.51		-548.1544594759
  1.73936		  99.5774		-548.1681590436
  1.73936		  135.976		-548.1671452359
  1.73936		  139.775		-548.1630066776
  1.73936		  119.262		-548.1775762126
  1.73936		  136.079		-548.1670405119
  1.73936		  98.2051		-548.1663564055
  1.73936		  119.957		-548.1774338036
  1.73936		  110.241		-548.1767071926
  1.73936		  100.079		-548.1687739241
  1.73936		  129.872		-548.1725355004
  1.73936		  103.241		-548.1721350277
  1.73936		  146.549		-548.1544062995
  1.73936		  139.468		-548.1633613937
  1.73936		  144.242		-548.1574867149
  1.68438		  128.51		-548.1967082292
  1.68438		  144.596		-548.1784536461
  1.68438		  106.191		-548.1971573619
  1.68438		  132.779		-548.1930563412
  1.68438		  149.265		-548.1712906634
  1.68438		  125.059		-548.1989247621
  1.68438		  112.609		-548.2006706936
  1.68438		  111.594		-548.2003331910
  1.68438		  105.184		-548.1962933466
  1.68438		  143.364		-548.1802372365
  1.68438		  126.141		-548.1983038182
  1.68438		  136.352		-548.1892864414
  1.68438		  108.145		-548.1985831400
  1.68438		  114.271		-548.2010563500
  1.68438		  142.097		-548.1820167276
  1.68438		  95.8089		-548.1834907873
  1.68438		  113.385		-548.2008762565
  1.68438		  118.172		-548.2011807568
  1.68438		  91.4026		-548.1739547639
  1.68438		  107.134		-548.1978860773
  1.68438		  139.9		-548.1849591686
  1.68438		  121.488		-548.2004715429
  1.68438		  114.841		-548.2011418766
  1.68438		  106.213		-548.1971752405
  1.68438		  99.3135		-548.1893562059
  1.68438		  93.6974		-548.1792451659
  1.68438		  138.465		-548.1867754239
  1.68438		  98.1021		-548.1874863382
  1.68438		  99.9732		-548.1903078580
  1.68438		  123.273		-548.1997966036
  1.68438		  146.503		-548.1755986911
  1.68438		  134.837		-548.1909604376
  1.68438		  136.725		-548.1888578261
  1.68438		  114.217		-548.2010470224
  1.68438		  124.879		-548.1990213427
  1.68438		  128.826		-548.1964715090
  1.68438		  102.705		-548.1937730992
  1.68438		  133.955		-548.1918843094
  1.68438		  93.6094		-548.1790556961
  1.68438		  113.485		-548.2008994813
  1.68438		  132.714		-548.1931190950
  1.68438		  148.603		-548.1723395439
  1.68438		  107.91		-548.1984287744
  1.68438		  114.655		-548.2011165574
  1.68438		  109.119		-548.1991742473
  1.68438		  123.279		-548.1997940000
  1.68438		  95.3283		-548.1825739610
  1.68438		  147.075		-548.1747220519
  1.68438		  110.709		-548.1999742588
  1.68438		  106.716		-548.1975725290
  1.6938		  117.05		-548.1974016893
  1.6938		  104.195		-548.1916966012
  1.6938		  144.728		-548.1747562066
  1.6938		  102.04		-548.1894000443
  1.6938		  138.374		-548.1832288602
  1.6938		  128.716		-548.1927379520
  1.6938		  118.842		-548.1972371936
  1.6938		  139.513		-548.1818238440
  1.6938		  139.715		-548.1815690914
  1.6938		  130.802		-548.1910762265
  1.6938		  127.091		-548.1938699961
  1.6938		  146.99		-548.1714131082
  1.6938		  114.967		-548.1973186467
  1.6938		  115.722		-548.1973834755
  1.6938		  102.405		-548.1898196274
  1.6938		  119.362		-548.1971497104
  1.6938		  92.1038		-548.1724874703
  1.6938		  120.076		-548.1970010013
  1.6938		  109.538		-548.1956316068
  1.6938		  98.4624		-548.1845867128
  1.6938		  96.1388		-548.1807302182
  1.6938		  91.859		-548.1719182487
  1.6938		  101.127		-548.1882941625
  1.6938		  94.0927		-548.1768103065
  1.6938		  145.795		-548.1731973357
  1.6938		  128.215		-548.1931024093
  1.6938		  111.192		-548.1963795929
  1.6938		  90.4998		-548.1686011643
  1.6938		  137.976		-548.1837069523
  1.6938		  110.372		-548.1960352268
  1.6938		  94.4892		-548.1776102870
  1.6938		  101.576		-548.1888481651
  1.6938		  101.312		-548.1885248228
  1.6938		  132.603		-548.1894600618
  1.6938		  111.379		-548.1964509352
  1.6938		  121.445		-548.1966248439
  1.6938		  124.64		-548.1952968385
  1.6938		  110.73		-548.1961919162
  1.6938		  116.448		-548.1974084321
  1.6938		  92.1848		-548.1726739703
  1.6938		  138.428		-548.1831634736
  1.6938		  91.5123		-548.1710975911
  1.6938		  147.656		-548.1704025593
  1.6938		  141.528		-548.1792105529
  1.6938		  116.003		-548.1973974544
  1.6938		  138.417		-548.1831768031
  1.6938		  124.576		-548.1953294474
  1.6938		  111.051		-548.1963240427
  1.6938		  104.922		-548.1923755370
  1.6938		  108.839		-548.1952511288
  1.4891		  112.253		-548.2471514051
  1.4891		  130.659		-548.2423070309
  1.4891		  132.604		-548.2399702915
  1.4891		  144.653		-548.2194062160
  1.4891		  103.707		-548.2365367041
  1.4891		  143.66		-548.2214450940
  1.4891		  143.172		-548.2224275490
  1.4891		  101.635		-548.2324023035
  1.4891		  122.144		-548.2486818709
  1.4891		  110.491		-548.2457360427
  1.4891		  140.225		-548.2280671223
  1.4891		  133.194		-548.2392016357
  1.4891		  108.447		-548.2436138403
  1.4891		  106.945		-548.2417090931
  1.4891		  121.554		-548.2488743646
  1.4891		  100.082		-548.2288454490
  1.4891		  90.1674		-548.1949464193
  1.4891		  142.995		-548.2227806197
  1.4891		  109.425		-548.2446952607
  1.4891		  137.683		-548.2324933139
  1.4891		  137.496		-548.2328017836
  1.4891		  98.9341		-548.2259482301
  1.4891		  117.18		-548.2492128368
  1.4891		  140.583		-548.2274100914
  1.4891		  137.955		-548.2320403341
  1.4891		  132.03		-548.2406916647
  1.4891		  126.636		-548.2461320160
  1.4891		  123.747		-548.2479891445
  1.4891		  117.072		-548.2491961906
  1.4891		  107.14		-548.2419734492
  1.4891		  116.62		-548.2491130488
  1.4891		  91.8623		-548.2023211369
  1.4891		  96.409		-548.2187137311
  1.4891		  125.329		-548.2470673816
  1.4891		  126.013		-548.2465972251
  1.4891		  99.3658		-548.2270653663
  1.4891		  95.3841		-548.2154163185
  1.4891		  138.083		-548.2318254158
  1.4891		  142.197		-548.2243503054
  1.4891		  115.724		-548.2488833342
  1.4891		  101.617		-548.2323633852
  1.4891		  107.317		-548.2422089430
  1.4891		  144.607		-548.2195018134
  1.4891		  106.201		-548.2406525986
  1.4891		  118.043		-548.2493016461
  1.4891		  98.0636		-548.2235917402
  1.4891		  138.373		-548.2313343762
  1.4891		  146.326		-548.2158573967
  1.4891		  123.612		-548.2480569416
  1.4891		  107.042		-548.2418412391
  1.48053		  98.9269		-548.2250428818
  1.48053		  118.264		-548.2491110612
  1.48053		  115.096		-548.2484238227
  1.48053		  139.169		-548.2296277278
  1.48053		  138.981		-548.2299606097
  1.48053		  149.201		-548.2088714021
  1.48053		  104.117		-548.2366849242
  1.48053		  138.533		-548.2307442553
  1.48053		  149.422		-548.2083596794
  1.48053		  132.212		-548.2402514305
  1.48053		  92.5195		-548.2035694306
  1.48053		  144.781		-548.2186747246
  1.48053		  114.626		-548.2482272865
  1.48053		  127.851		-548.2449487505
  1.48053		  106.821		-548.2410632748
  1.48053		  99.1531		-548.2256478287
  1.48053		  124.343		-548.2475024459
  1.48053		  95.8554		-548.2158452631
  1.48053		  111.805		-548.2465100127
  1.48053		  90.596		-548.1952649227
  1.48053		  142.478		-548.2233963347
  1.48053		  117.169		-548.2489969646
  1.48053		  144.081		-548.2201408241
  1.48053		  140.428		-548.2273383871
  1.48053		  118.551		-548.2491198685
  1.48053		  97.5064		-548.2210221527
  1.48053		  102.968		-548.2344916476
  1.48053		  101.253		-548.2308236874
  1.48053		  96.2777		-548.2172229526
  1.48053		  126.263		-548.2462452931
  1.48053		  100.615		-548.2293332956
  1.48053		  101.138		-548.2305602041
  1.48053		  117.018		-548.2489711265
  1.48053		  112.018		-548.2466726128
  1.48053		  92.4544		-548.2033038065
  1.48053		  99.4126		-548.2263301950
  1.48053		  133.237		-548.2389171947
  1.48053		  124.759		-548.2472594435
  1.48053		  98.5699		-548.2240686772
  1.48053		  120.171		-548.2490082345
  1.48053		  140.18		-548.2277974996
  1.48053		  96.1153		-548.2166975896
  1.48053		  133.694		-548.2382953368
  1.48053		  126.179		-548.2463074748
  1.48053		  135.122		-548.2362475443
  1.48053		  103.463		-548.2354618234
  1.48053		  103.349		-548.2352418135
  1.48053		  136.095		-548.2347636583
  1.48053		  142.894		-548.2225655433
  1.48053		  98.5059		-548.2238914906
  1.42973		  136.383		-548.2260818855
  1.42973		  110.304		-548.2361923162
  1.42973		  125.194		-548.2393174271
  1.42973		  147.363		-548.2033376547
  1.42973		  91.8511		-548.1843593247
  1.42973		  141.619		-548.2162391053
  1.42973		  107.569		-548.2324779033
  1.42973		  145.943		-548.2067027536
  1.42973		  141.983		-548.2154817044
  1.42973		  131.391		-548.2334156996
  1.42973		  94.5365		-548.1965373510
  1.42973		  93.9405		-548.1940038011
  1.42973		  140.063		-548.2193743107
  1.42973		  140.831		-548.2178479281
  1.42973		  134.63		-548.2289005131
  1.42973		  124.897		-548.2395037098
  1.42973		  146.224		-548.2060451567
  1.42973		  94.0299		-548.1943897904
  1.42973		  115.263		-548.2402455313
  1.42973		  103.177		-548.2240282893
  1.42973		  102.697		-548.2229025383
  1.42973		  141.036		-548.2174334987
  1.42973		  108.625		-548.2340446691
  1.42973		  105.157		-548.2282386739
  1.42973		  129.833		-548.2352496278
  1.42973		  149.719		-548.1975439401
  1.42973		  145.084		-548.2086861974
  1.42973		  102.5		-548.2224282519
  1.42973		  121.98		-548.2408354045
  1.42973		  113.553		-548.2392176831
  1.42973		  136.72		-548.2255112550
  1.42973		  144.007		-548.2111133229
  1.42973		  110.412		-548.2363164322
  1.42973		  107.756		-548.2327678261
  1.42973		  132.625		-548.2318049139
  1.42973		  91.7231		-548.1837282535
  1.42973		  121.098		-548.2410556374
  1.42973		  147.83		-548.2022089764
  1.42973		  127.646		-548.2374337992
  1.42973		  114.727		-548.2399637212
  1.42973		  102.318		-548.2219836693
  1.42973		  143.766		-548.2116469692
  1.42973		  138.417		-548.2225018516
  1.42973		  121.94		-548.2408472590
  1.42973		  145.294		-548.2082051069
  1.42973		  94.8482		-548.1978255982
  1.42973		  97.6185		-548.2082234253
  1.42973		  90.5368		-548.1776468582
  1.42973		  147.493		-548.2030245103
  1.42973		  93.9937		-548.1942337503
  1.63331		  91.4127		-548.1889146760
  1.63331		  137.521		-548.2062776881
  1.63331		  109.298		-548.2180609165
  1.63331		  112.017		-548.2195099307
  1.63331		  141.779		-548.2002679385
  1.63331		  122.124		-548.2196082543
  1.63331		  104.376		-548.2136956712
  1.63331		  112.311		-548.2196280997
  1.63331		  143.206		-548.1980731516
  1.63331		  133.994		-548.2105705047
  1.63331		  128.693		-548.2157041360
  1.63331		  112.137		-548.2195590520
  1.63331		  96.307		-548.2008926277
  1.63331		  137.218		-548.2066720501
  1.63331		  130.572		-548.2140755708
  1.63331		  109.533		-548.2182120611
  1.63331		  117.859		-548.2205287985
  1.63331		  123.726		-548.2189242119
  1.63331		  104.431		-548.2137576864
  1.63331		  97.6763		-548.2036250354
  1.63331		  142.876		-548.1985881352
  1.63331		  135.478		-548.2088449564
  1.63331		  134.955		-548.2094667698
  1.63331		  113.007		-548.2198786815
  1.63331		  96.0142		-548.2002754921
  1.63331		  128.67		-548.2157227205
  1.63331		  107.158		-548.2164501222
  1.63331		  133.201		-548.2114426755
  1.63331		  141.981		-548.1999624095
  1.63331		  130.129		-548.2144789632
  1.63331		  108.774		-548.2177057959
  1.63331		  110.944		-548.2190156579
  1.63331		  126.39		-548.2173983170
  1.63331		  147.746		-548.1905842802
  1.63331		  96.8682		-548.2020427646
  1.63331		  126.486		-548.2173345188
  1.63331		  138.05		-548.2055781156
  1.63331		  110.878		-548.2189819933
  1.63331		  128.014		-548.2162387945
  1.63331		  106.979		-548.2162958286
  1.63331		  142.622		-548.1989815160
  1.63331		  148.604		-548.1890953684
  1.63331		  95.9441		-548.2001259841
  1.63331		  144.383		-548.1962016394
  1.63331		  90.7066		-548.1868703919
  1.63331		  142.042		-548.1998698052
  1.63331		  93.5636		-548.1946299354
  1.63331		  101.322		-548.2097451426
  1.63331		  109.428		-548.2181451464
  1.63331		  101.072		-548.2093760690
  1.33082		  145.852		-548.1433189614
  1.33082		  149.743		-548.1328028161
  1.33082		  127.586		-548.1763850375
  1.33082		  130.309		-548.1735888093
  1.33082		  95.5224		-548.1218328448
  1.33082		  138.332		-548.1607007458
  1.33082		  131.701		-548.1718337660
  1.33082		  97.1762		-548.1301432277
  1.33082		  90.2357		-548.0890773108
  1.33082		  124.149		-548.1786409130
  1.33082		  123.72		-548.1788178157
  1.33082		  121.709		-548.1793237739
  1.33082		  134.068		-548.1683688031
  1.33082		  111.111		-548.1722018115
  1.33082		  126.342		-548.1773704408
  1.33082		  123.623		-548.1788545004
  1.33082		  148.913		-548.1351135327
  1.33082		  146.773		-548.1409073539
  1.33082		  117.642		-548.1786350501
  1.33082		  136.585		-548.1640544130
  1.33082		  128.431		-548.1756097766
  1.33082		  108.556		-548.1676672112
  1.33082		  146.233		-548.1423277357
  1.33082		  110.79		-548.1716987692
  1.33082		  129.081		-548.1749562824
  1.33082		  116.26		-548.1778475738
  1.33082		  126.096		-548.1775429317
  1.33082		  144.11		-548.1477286981
  1.33082		  116.261		-548.1778482498
  1.33082		  144.759		-548.1461099962
  1.33082		  136.82		-548.1636199634
  1.33082		  104.556		-548.1579561458
  1.33082		  136.834		-548.1635939152
  1.33082		  103.574		-548.1550410046
  1.33082		  116.237		-548.1778319826
  1.33082		  103.341		-548.1543166390
  1.33082		  123.625		-548.1788537564
  1.33082		  123.296		-548.1789691073
  1.33082		  118.602		-548.1790126028
  1.33082		  94.3159		-548.1152209485
  1.33082		  108.96		-548.1684666027
  1.33082		  118.995		-548.1791279970
  1.33082		  140.243		-548.1567158771
  1.33082		  148.039		-548.1375099758
  1.33082		  134.391		-548.1678506026
  1.33082		  105.142		-548.1595919381
  1.33082		  117.094		-548.1783576867
  1.33082		  120.025		-548.1793245497
  1.33082		  146.744		-548.1409840854
  1.33082		  138.844		-548.1596647273
  1.54168		  131.385		-548.2371785341
  1.54168		  103.94		-548.2347060101
  1.54168		  118.511		-548.2448824257
  1.54168		  112.094		-548.2431985223
  1.54168		  147.671		-548.2107768607
  1.54168		  130.213		-548.2384288292
  1.54168		  139.14		-548.2265159127
  1.54168		  95.179		-548.2156304382
  1.54168		  121.334		-548.2443913830
  1.54168		  114.756		-548.2443885281
  1.54168		  110.821		-548.2423697927
  1.54168		  134.864		-548.2328884753
  1.54168		  91.7663		-548.2046104982
  1.54168		  130.058		-548.2385865563
  1.54168		  141.009		-548.2233843306
  1.54168		  104.224		-548.2351368004
  1.54168		  111.112		-548.2425744582
  1.54168		  149.721		-548.2065279261
  1.54168		  116.186		-548.2447357773
  1.54168		  142.294		-548.2211194766
  1.54168		  96.1153		-548.2182626549
  1.54168		  142.905		-548.2200122548
  1.54168		  108.785		-548.2406785393
  1.54168		  110.068		-548.2417976303
  1.54168		  121.552		-548.2443238638
  1.54168		  129.817		-548.2388282171
  1.54168		  128.445		-548.2401199506
  1.54168		  113.823		-548.2440532463
  1.54168		  135.887		-548.2314697296
  1.54168		  137.318		-548.2293714509
  1.54168		  127.189		-548.2411746850
  1.54168		  95.6167		-548.2168807122
  1.54168		  149.078		-548.2078755465
  1.54168		  125.194		-548.2425913222
  1.54168		  113.88		-548.2440762301
  1.54168		  143.203		-548.2194653811
  1.54168		  98.2422		-548.2236734740
  1.54168		  148.528		-548.2090177755
  1.54168		  138.893		-548.2269147178
  1.54168		  106.96		-548.2387627047
  1.54168		  115.523		-548.2445995784
  1.54168		  113.091		-548.2437288301
  1.54168		  122.36		-548.2440373880
  1.54168		  146.462		-548.2132119170
  1.54168		  119.326		-548.2448146506
  1.54168		  109.755		-548.2415415311
  1.54168		  97.5151		-548.2219096423
  1.54168		  116.106		-548.2447215981
  1.54168		  109.424		-548.2412588946
  1.54168		  128.007		-548.2405018008
  1.32656		  128.39		-548.1711658509
  1.32656		  94.1643		-548.1088341695
  1.32656		  143.453		-548.1448040518
  1.32656		  119.739		-548.1747407585
  1.32656		  116.142		-548.1731688990
  1.32656		  122.828		-548.1745957575
  1.32656		  120.838		-548.1748415468
  1.32656		  114.739		-548.1720125818
  1.32656		  125.974		-548.1731333609
  1.32656		  107.11		-548.1597082997
  1.32656		  148.462		-548.1317772213
  1.32656		  127.616		-548.1718732497
  1.32656		  97.6533		-548.1270997132
  1.32656		  91.2998		-548.0907450470
  1.32656		  106.134		-548.1573208894
  1.32656		  129.54		-548.1699841271
  1.32656		  133.818		-548.1642801130
  1.32656		  147.948		-548.1331843766
  1.32656		  97.7781		-548.1276830097
  1.32656		  120.375		-548.1748199968
  1.32656		  136.921		-548.1589395317
  1.32656		  137.371		-548.1580867396
  1.32656		  136.689		-548.1593716582
  1.32656		  105.162		-548.1547397329
  1.32656		  106.72		-548.1587784373
  1.32656		  109.899		-548.1654609231
  1.32656		  128.816		-548.1707461516
  1.32656		  119.835		-548.1747564297
  1.32656		  136.97		-548.1588476052
  1.32656		  117.518		-548.1740011607
  1.32656		  142.427		-548.1472589764
  1.32656		  122.931		-548.1745683810
  1.32656		  113.948		-548.1712191831
  1.32656		  94.6362		-548.1115354857
  1.32656		  113.371		-548.1705743980
  1.32656		  110.909		-548.1671733708
  1.32656		  126.02		-548.1731025903
  1.32656		  91.3739		-548.0912512859
  1.32656		  112.634		-548.1696681447
  1.32656		  93.4369		-548.1045204522
  1.32656		  139.462		-548.1538782211
  1.32656		  95.2852		-548.1151287953
  1.32656		  144.414		-548.1424335925
  1.32656		  121.41		-548.1748266780
  1.32656		  143.764		-548.1440442738
  1.32656		  99.879		-548.1368301559
  1.32656		  149.874		-548.1278431521
  1.32656		  101.019		-548.1412856100
  1.32656		  114.602		-548.1718825751
  1.32656		  97.0203		-548.1240695342
  1.43086		  128.157		-548.2372765837
  1.43086		  116.936		-548.2412159080
  1.43086		  132.469		-548.2323312584
  1.43086		  131.585		-548.2334856776
  1.43086		  91.5874		-548.1835837252
  1.43086		  117.653		-548.2413873240
  1.43086		  126.94		-548.2383496044
  1.43086		  106.382		-548.2308769921
  1.43086		  118.156		-548.2414708751
  1.43086		  117.562		-548.2413689893
  1.43086		  104.861		-548.2280305922
  1.43086		  104.716		-548.2277390390
  1.43086		  117.807		-548.2414160998
  1.43086		  123.653		-548.2404949669
  1.43086		  145.929		-548.2070835872
  1.43086		  120.879		-548.2414113029
  1.43086		  91.0392		-548.1808130841
  1.43086		  93.2828		-548.1916015934
  1.43086		  134.06		-548.2300790386
  1.43086		  98.3053		-548.2109622861
  1.43086		  118.798		-548.2415340986
  1.43086		  97.5195		-548.2083301288
  1.43086		  134.61		-548.2292495569
  1.43086		  99.5892		-548.2149735752
  1.43086		  143.013		-548.2136298787
  1.43086		  100.895		-548.2187017741
  1.43086		  141.933		-548.2159217066
  1.43086		  119.611		-548.2415451911
  1.43086		  94.7934		-548.1980826023
  1.43086		  139.967		-548.2198921581
  1.43086		  138.197		-548.2232301718
  1.43086		  97.4466		-548.2080789165
  1.43086		  108.24		-548.2338494808
  1.43086		  143.275		-548.2130626106
  1.43086		  115.537		-548.2407011111
  1.43086		  139.618		-548.2205685659
  1.43086		  138.442		-548.2227820495
  1.43086		  131.395		-548.2337245612
  1.43086		  125.394		-548.2394978888
  1.43086		  148.506		-548.2009146480
  1.43086		  125.453		-548.2394585550
  1.43086		  122.124		-548.2411042643
  1.43086		  106.135		-548.2304406425
  1.43086		  114.436		-548.2401243175
  1.43086		  122.49		-548.2409814927
  1.43086		  132.545		-548.2322287363
  1.43086		  113.469		-548.2394896676
  1.43086		  132.871		-548.2317831512
  1.43086		  136.578		-548.2260748732
  1.43086		  141.588		-548.2166376389
  1.59451		  119.372		-548.2327001660
  1.59451		  132.379		-548.2243181392
  1.59451		  143.86		-548.2079852973
  1.59451		  106.884		-548.2278010261
  1.59451		  135.126		-548.2210767675
  1.59451		  94.3811		-548.2059461973
  1.59451		  113.344		-548.2321114499
  1.59451		  123.961		-548.2311551878
  1.59451		  126.075		-548.2299053318
  1.59451		  99.9176		-548.2181496876
  1.59451		  110.974		-548.2309988816
  1.59451		  128.497		-548.2280785597
  1.59451		  127.809		-548.2286393154
  1.59451		  111.579		-548.2313326734
  1.59451		  121.601		-548.2321547540
  1.59451		  143.332		-548.2088824988
  1.59451		  133.327		-548.2232518725
  1.59451		  129.937		-548.2268001276
  1.59451		  129.011		-548.2276383703
  1.59451		  137.73		-548.2175924261
  1.59451		  139.936		-548.2143492386
  1.59451		  143.881		-548.2079493673
  1.59451		  139.355		-548.2152281529
  1.59451		  120.066		-548.2325728057
  1.59451		  116.35		-548.2327934699
  1.59451		  101.139		-548.2202645406
  1.59451		  121.476		-548.2321957371
  1.59451		  92.2176		-548.1998606196
  1.59451		  132.978		-548.2236509405
  1.59451		  118.962		-548.2327570952
  1.59451		  104.532		-548.2251727392
  1.59451		  122.866		-548.2316718746
  1.59451		  112.542		-548.2317931811
  1.59451		  123.457		-548.2314042587
  1.59451		  115.668		-548.2327080490
  1.59451		  98.4744		-548.2153959800
  1.59451		  117.179		-548.2328438153
  1.59451		  142.525		-548.2102302433
  1.59451		  111.542		-548.2313132524
  1.59451		  140.225		-548.2139056563
  1.59451		  106.412		-548.2273217445
  1.59451		  134.276		-548.2221288416
  1.59451		  126.701		-548.2294728882
  1.59451		  129.317		-548.2273677672
  1.59451		  109.01		-548.2296722711
  1.59451		  103.748		-548.2241596359
  1.59451		  149.363		-548.1980040683
  1.59451		  133.585		-548.2229520156
  1.59451		  118.882		-548.2327666066
  1.59451		  140.734		-548.2131142504
  1.51411		  108.946		-548.2437407978
  1.51411		  130.72		-548.2412795928
  1.51411		  140.705		-548.2267216575
  1.51411		  117.265		-548.2482787291
  1.51411		  106.499		-548.2408865551
  1.51411		  108.493		-548.2432685053
  1.51411		  137.305		-548.2324418001
  1.51411		  123.954		-548.2468195386
  1.51411		  120.419		-548.2481183866
  1.51411		  143.049		-548.2223769107
  1.51411		  132.236		-548.2395276997
  1.51411		  123.348		-548.2471233609
  1.51411		  143.529		-548.2214500999
  1.51411		  148.667		-548.2108435915
  1.51411		  97.5463		-548.2232882800
  1.51411		  133.441		-548.2380106807
  1.51411		  142.759		-548.2229309381
  1.51411		  133.559		-548.2378563301
  1.51411		  138.025		-548.2312915428
  1.51411		  138.1		-548.2311697830
  1.51411		  147.314		-548.2137473205
  1.51411		  121.947		-548.2476982953
  1.51411		  111.915		-548.2462357711
  1.51411		  131.402		-548.2405134161
  1.51411		  141.203		-548.2258246179
  1.51411		  138.889		-548.2298670435
  1.51411		  134.111		-548.2371207644
  1.51411		  101.633		-548.2328361929
  1.51411		  147.53		-548.2132885308
  1.51411		  119.231		-548.2482923089
  1.51411		  103.105		-548.2356265816
  1.51411		  97.8515		-548.2240992923
  1.51411		  124.166		-548.2467054880
  1.51411		  111.654		-548.2460570918
  1.51411		  126.287		-548.2453466685
  1.51411		  130.363		-548.2416661445
  1.51411		  129.435		-548.2426236372
  1.51411		  90.4236		-548.1990787026
  1.51411		  129.533		-548.2425257780
  1.51411		  113.391		-548.2471040003
  1.51411		  136.487		-548.2337069657
  1.51411		  141.069		-548.2260674094
  1.51411		  127.088		-548.2447323980
  1.51411		  98.0351		-548.2245791820
  1.51411		  120.853		-548.2480213314
  1.51411		  139.471		-548.2288809488
  1.51411		  106.38		-548.2407283900
  1.51411		  114.515		-548.2476064938
  1.51411		  145.49		-548.2175425586
  1.51411		  106.564		-548.2409721714
  1.7258		  105.153		-548.1795133855
  1.7258		  92.7997		-548.1625307499
  1.7258		  117.308		-548.1837873019
  1.7258		  108.402		-548.1817041658
  1.7258		  146.152		-548.1603683904
  1.7258		  104.476		-548.1789508018
  1.7258		  98.4049		-548.1721137203
  1.7258		  110.176		-548.1825607909
  1.7258		  102.646		-548.1772375533
  1.7258		  147.027		-548.1591401761
  1.7258		  101.893		-548.1764484703
  1.7258		  112.907		-548.1834372648
  1.7258		  147.373		-548.1586495339
  1.7258		  118.961		-548.1835986653
  1.7258		  116.228		-548.1838181142
  1.7258		  131.504		-548.1771126319
  1.7258		  129.285		-548.1788594765
  1.7258		  143.486		-548.1639859351
  1.7258		  127.292		-548.1802213169
  1.7258		  121.905		-548.1828538953
  1.7258		  130.776		-548.1777118592
  1.7258		  123.545		-548.1822209676
  1.7258		  128.999		-548.1790671574
  1.7258		  124.303		-548.1818775656
  1.7258		  117.42		-548.1837798850
  1.7258		  97.8248		-548.1712787739
  1.7258		  124.845		-548.1816126933
  1.7258		  124.63		-548.1817196768
  1.7258		  133.738		-548.1751195185
  1.7258		  147.424		-548.1585769856
  1.7258		  132.45		-548.1762966943
  1.7258		  102.11		-548.1766810134
  1.7258		  141.555		-548.1664722598
  1.7258		  141.54		-548.1664910904
  1.7258		  125.965		-548.1810151375
  1.7258		  149.517		-548.1555535734
  1.7258		  106.598		-548.1805899358
  1.7258		  97.726		-548.1711331768
  1.7258		  124.34		-548.1818599936
  1.7258		  114.86		-548.1837495245
  1.7258		  110.923		-548.1828528518
  1.7258		  99.8615		-548.1740637279
  1.7258		  140.105		-548.1682560587
  1.7258		  111.219		-548.1829575544
  1.7258		  139.462		-548.1690227169
  1.7258		  97.2668		-548.1704433402
  1.7258		  122.085		-548.1827918922
  1.7258		  120.687		-548.1832241507
  1.7258		  127.646		-548.1799941248
  1.7258		  105.902		-548.1800922671
  1.73705		  90.0885		-548.1524645832
  1.73705		  130.452		-548.1731033087
  1.73705		  101.862		-548.1717448296
  1.73705		  117.375		-548.1788418725
  1.73705		  96.4962		-548.1647806267
  1.73705		  111.141		-548.1780457162
  1.73705		  137.512		-548.1665195131
  1.73705		  134.833		-548.1692701579
  1.73705		  145.03		-548.1573886599
  1.73705		  123.268		-548.1774001615
  1.73705		  110.701		-548.1778918136
  1.73705		  132.602		-548.1713294474
  1.73705		  135.487		-548.1686259319
  1.73705		  129.742		-548.1736419517
  1.73705		  104.387		-548.1741278750
  1.73705		  133.108		-548.1708815216
  1.73705		  121.255		-548.1781171053
  1.73705		  118.422		-548.1787342818
  1.73705		  122.641		-548.1776475798
  1.73705		  124.409		-548.1768951462
  1.73705		  96.1111		-548.1641722968
  1.73705		  100.459		-548.1701834167
  1.73705		  135.976		-548.1681325676
  1.73705		  105.984		-548.1753658447
  1.73705		  123.257		-548.1774046876
  1.73705		  101.616		-548.1714836388
  1.73705		  108.734		-548.1770367940
  1.73705		  145.979		-548.1561124437
  1.73705		  130.97		-548.1726953862
  1.73705		  117.504		-548.1788322145
  1.73705		  94.7515		-548.1618982616
  1.73705		  132.086		-548.1717744211
  1.73705		  146.007		-548.1560744434
  1.73705		  98.4502		-548.1676347063
  1.73705		  133.052		-548.1709316544
  1.73705		  122.513		-548.1776954316
  1.73705		  141.263		-548.1622012082
  1.73705		  146.988		-548.1547312445
  1.73705		  146.271		-548.1557152113
  1.73705		  127.167		-548.1753914336
  1.73705		  128.064		-548.1748189189
  1.73705		  108.219		-548.1767668735
  1.73705		  91.3654		-548.1553173103
  1.73705		  148.233		-548.1529958342
  1.73705		  93.2868		-548.1592186530
  1.73705		  142.109		-548.1611587048
  1.73705		  110.602		-548.1778553283
  1.73705		  144.394		-548.1582306237
  1.73705		  139.664		-548.1641048791
  1.73705		  118.595		-548.1787101357
  1.63753		  92.9074		-548.1918309781
  1.63753		  118.928		-548.2189447909
  1.63753		  141.777		-548.1989176634
  1.63753		  97.7073		-548.2024271487
  1.63753		  139.843		-548.2017301840
  1.63753		  97.8108		-548.2026209602
  1.63753		  141.229		-548.1997312850
  1.63753		  136.308		-548.2064177111
  1.63753		  137.762		-548.2045640480
  1.63753		  93.9078		-548.1943135231
  1.63753		  101.449		-548.2086008483
  1.63753		  101.715		-548.2089774361
  1.63753		  136.356		-548.2063582386
  1.63753		  122.742		-548.2178844222
  1.63753		  147.392		-548.1899115566
  1.63753		  124.206		-548.2172055087
  1.63753		  126.031		-548.2161569814
  1.63753		  126.429		-548.2158991961
  1.63753		  118.881		-548.2189512663
  1.63753		  137.783		-548.2045364971
  1.63753		  90.7772		-548.1860119483
  1.63753		  126.821		-548.2156352746
  1.63753		  122.434		-548.2180084548
  1.63753		  125.569		-548.2164432556
  1.63753		  133.946		-548.2091937262
  1.63753		  119.815		-548.2187919687
  1.63753		  96.9622		-548.2009910286
  1.63753		  115.73		-548.2190038730
  1.63753		  113.448		-548.2185566815
  1.63753		  103.439		-548.2112301325
  1.63753		  135.14		-548.2078277230
  1.63753		  93.3632		-548.1929811149
  1.63753		  148.379		-548.1882206994
  1.63753		  107.87		-548.2156180610
  1.63753		  127.644		-548.2150491483
  1.63753		  100.937		-548.2078535585
  1.63753		  125.26		-548.2166268933
  1.63753		  117.389		-548.2190707512
  1.63753		  143.264		-548.1966467944
  1.63753		  98.255		-548.2034372905
  1.63753		  125.461		-548.2165081557
  1.63753		  138.736		-548.2032634703
  1.63753		  105.489		-548.2135019918
  1.63753		  91.5692		-548.1882632800
  1.63753		  135.237		-548.2077133699
  1.63753		  131.935		-548.2113156455
  1.63753		  132.888		-548.2103385567
  1.63753		  101.323		-548.2084196949
  1.63753		  126.345		-548.2159544593
  1.63753		  125.391		-548.2165498100
  1.74085		  113.41		-548.1769540816
  1.74085		  146.82		-548.1534362647
  1.74085		  97.7421		-548.1651011519
  1.74085		  102.263		-548.1705596062
  1.74085		  123.981		-548.1754106197
  1.74085		  97.5706		-548.1648563785
  1.74085		  96.5939		-548.1634064424
  1.74085		  137.381		-548.1650456274
  1.74085		  113.113		-548.1768983724
  1.74085		  108.695		-548.1753639773
  1.74085		  136.767		-548.1656939061
  1.74085		  118.421		-548.1770486914
  1.74085		  149.865		-548.1491837147
  1.74085		  105.808		-548.1736066483
  1.74085		  148.312		-548.1513745350
  1.74085		  143.922		-548.1572913701
  1.74085		  93.6268		-548.1583873907
  1.74085		  136.009		-548.1664734852
  1.74085		  125		-548.1749263356
  1.74085		  98.4727		-548.1661117347
  1.74085		  115.593		-548.1771883990
  1.74085		  138.998		-548.1632686771
  1.74085		  109.263		-548.1756374923
  1.74085		  91.6685		-548.1545269662
  1.74085		  139.918		-548.1622142450
  1.74085		  100.347		-548.1684732401
  1.74085		  105.556		-548.1734232698
  1.74085		  125.947		-548.1744277463
  1.74085		  146.928		-548.1532886148
  1.74085		  96.8742		-548.1638323922
  1.74085		  137.566		-548.1648473986
  1.74085		  116.7		-548.1771920619
  1.74085		  143.425		-548.1579297557
  1.74085		  121.874		-548.1762353950
  1.74085		  140.953		-548.1609921239
  1.74085		  97.0409		-548.1640819341
  1.74085		  139.65		-548.1625245614
  1.74085		  117.366		-548.1771578582
  1.74085		  136.614		-548.1658531218
  1.74085		  132.985		-548.1693459177
  1.74085		  130.27		-548.1715832742
  1.74085		  117.772		-548.1771237720
  1.74085		  145.062		-548.1558007782
  1.74085		  146.223		-548.1542476284
  1.74085		  145.377		-548.1553827488
  1.74085		  105.844		-548.1736324430
  1.74085		  129.24		-548.1723431545
  1.74085		  140.741		-548.1612454679
  1.74085		  104.948		-548.1729603913
  1.74085		  138.11		-548.1642568290
  1.50974		  113.882		-548.2476380540
  1.50974		  141.099		-548.2262427745
  1.50974		  95.6558		-548.2177822716
  1.50974		  113.545		-548.2474756067
  1.50974		  144.345		-548.2200348176
  1.50974		  92.9437		-548.2086769544
  1.50974		  128.97		-548.2434081405
  1.50974		  147.957		-548.2125109218
  1.50974		  116.372		-548.2484631226
  1.50974		  131.43		-548.2407994633
  1.50974		  125.265		-548.2463912544
  1.50974		  101.583		-548.2328252964
  1.50974		  147.832		-548.2127806833
  1.50974		  133.939		-548.2376534147
  1.50974		  105.293		-548.2393723045
  1.50974		  93.2729		-548.2098659883
  1.50974		  138.592		-548.2306202405
  1.50974		  127.958		-548.2443384182
  1.50974		  135.581		-548.2353427537
  1.50974		  127.05		-548.2451000747
  1.50974		  134.239		-548.2372457655
  1.50974		  120.578		-548.2484222454
  1.50974		  100.43		-548.2303683390
  1.50974		  129.482		-548.2429053268
  1.50974		  94.6558		-548.2146040786
  1.50974		  141.879		-548.2248041435
  1.50974		  140.997		-548.2264282957
  1.50974		  99.1046		-548.2272769424
  1.50974		  97.9798		-548.2244184399
  1.50974		  110.414		-548.2453617302
  1.50974		  132.538		-548.2394689289
  1.50974		  124.664		-548.2467632491
  1.50974		  119.224		-548.2486257322
  1.50974		  96.6294		-548.2206863763
  1.50974		  97.5394		-548.2232381064
  1.50974		  148.543		-548.2112382920
  1.50974		  111.803		-548.2464364164
  1.50974		  98.2857		-548.2252178215
  1.50974		  100.15		-548.2297395020
  1.50974		  144.428		-548.2198687523
  1.50974		  128.916		-548.2434599201
  1.50974		  93.3452		-548.2101239158
  1.50974		  119.312		-548.2486179040
  1.50974		  121.956		-548.2480354856
  1.50974		  142.165		-548.2242679508
  1.50974		  133.593		-548.2381153703
  1.50974		  123.523		-548.2473806950
  1.50974		  135.366		-548.2356562598
  1.50974		  104.712		-548.2384771138
  1.50974		  133.823		-548.2378092723
  1.56804		  132.644		-548.2306628767
  1.56804		  94.9524		-548.2120964363
  1.56804		  113.915		-548.2390075851
  1.56804		  113.912		-548.2390065329
  1.56804		  100.497		-548.2247554532
  1.56804		  141.91		-548.2173075189
  1.56804		  90.2518		-548.1972079544
  1.56804		  109.538		-548.2365349290
  1.56804		  110.179		-548.2370176315
  1.56804		  100.175		-548.2241461202
  1.56804		  95.0907		-548.2124721321
  1.56804		  91.4046		-548.2012628862
  1.56804		  102.211		-548.2277611173
  1.56804		  108.71		-548.2358475809
  1.56804		  136.006		-548.2264080758
  1.56804		  116.778		-548.2396294642
  1.56804		  121.676		-548.2390040962
  1.56804		  90.7358		-548.1989445601
  1.56804		  93.5032		-548.2079560627
  1.56804		  125.237		-548.2372955073
  1.56804		  132.918		-548.2303435091
  1.56804		  102.401		-548.2280702928
  1.56804		  145.093		-548.2116573888
  1.56804		  117.763		-548.2396710801
  1.56804		  115.018		-548.2393369523
  1.56804		  104.028		-548.2305294175
  1.56804		  97.5138		-548.2185365826
  1.56804		  92.3189		-548.2042845690
  1.56804		  148.877		-548.2043971862
  1.56804		  105.653		-548.2326611360
  1.56804		  126.709		-548.2362980422
  1.56804		  126.753		-548.2362656839
  1.56804		  116.916		-548.2396405119
  1.56804		  105.707		-548.2327266009
  1.56804		  126.746		-548.2362708416
  1.56804		  110.247		-548.2370663408
  1.56804		  144.479		-548.2127828833
  1.56804		  148.03		-548.2060664041
  1.56804		  130.763		-548.2327184113
  1.56804		  119.714		-548.2395019677
  1.56804		  133.709		-548.2293937380
  1.56804		  132.445		-548.2308916880
  1.56804		  100.482		-548.2247273885
  1.56804		  94.87		-548.2118710178
  1.56804		  145.57		-548.2107720858
  1.56804		  107.84		-548.2350462751
  1.56804		  129.573		-548.2338922543
  1.56804		  131.606		-548.2318270444
  1.56804		  119.858		-548.2394764717
  1.56804		  100.859		-548.2254233316
  1.4747		  145.456		-548.2167428875
  1.4747		  121.147		-548.2485215476
  1.4747		  133.008		-548.2389032125
  1.4747		  143.925		-548.2199979674
  1.4747		  99.4735		-548.2257271617
  1.4747		  96.6956		-548.2176505971
  1.4747		  141.811		-548.2242768814
  1.4747		  119.353		-548.2487996957
  1.4747		  115.839		-548.2483536498
  1.4747		  125.808		-548.2462916379
  1.4747		  90.3508		-548.1928215196
  1.4747		  103.868		-548.2356383358
  1.4747		  97.5112		-548.2201802861
  1.4747		  97.0791		-548.2188570313
  1.4747		  94.2679		-548.2092809275
  1.4747		  139.853		-548.2279967590
  1.4747		  124.811		-548.2469459380
  1.4747		  111.934		-548.2462229075
  1.4747		  91.2694		-548.1970369415
  1.4747		  147.221		-548.2128432620
  1.4747		  118.144		-548.2487970101
  1.4747		  123.011		-548.2478854877
  1.4747		  145.925		-548.2157213801
  1.4747		  91.5293		-548.1981883838
  1.4747		  111.445		-548.2458276606
  1.4747		  100.179		-548.2275439601
  1.4747		  131.034		-548.2413751636
  1.4747		  123.653		-548.2475865274
  1.4747		  108.215		-548.2424517258
  1.4747		  147.138		-548.2130299263
  1.4747		  142.78		-548.2223479902
  1.4747		  123.564		-548.2476303822
  1.4747		  125.319		-548.2466243196
  1.4747		  124.055		-548.2473788336
  1.4747		  131.2		-548.2411797709
  1.4747		  114.578		-548.2478600983
  1.4747		  139.836		-548.2280279742
  1.4747		  98.3107		-548.2225301724
  1.4747		  103.102		-548.2341429007
  1.4747		  114.592		-548.2478665764
  1.4747		  117.285		-548.2486998728
  1.4747		  106.615		-548.2402619704
  1.4747		  129.216		-548.2433607345
  1.4747		  90.7698		-548.1947728108
  1.4747		  145.477		-548.2166973850
  1.4747		  95.5269		-548.2137829597
  1.4747		  96.979		-548.2185450571
  1.4747		  116.453		-548.2485289762
  1.4747		  144.497		-548.2187964779
  1.4747		  129.08		-548.2434977252
  1.37807		  136.134		-548.2034834482
  1.37807		  124.092		-548.2172612208
  1.37807		  146.287		-548.1816857373
  1.37807		  104.883		-548.2015282841
  1.37807		  108.832		-548.2094383535
  1.37807		  99.3943		-548.1853486991
  1.37807		  133.779		-548.2073290078
  1.37807		  107.008		-548.2061383223
  1.37807		  96.5383		-548.1741408992
  1.37807		  108.452		-548.2087989262
  1.37807		  148.211		-548.1767713687
  1.37807		  148.45		-548.1761474375
  1.37807		  90.236		-548.1411338650
  1.37807		  114.72		-548.2163570219
  1.37807		  140.982		-548.1940454164
  1.37807		  109.214		-548.2100562436
  1.37807		  138.608		-548.1989106255
  1.37807		  130.658		-548.2116068812
  1.37807		  135.675		-548.2042728661
  1.37807		  115.254		-548.2167242635
  1.37807		  129.208		-548.2132587179
  1.37807		  136.479		-548.2028776904
  1.37807		  95.2417		-548.1683356626
  1.37807		  111.741		-548.2135357901
  1.37807		  116.399		-548.2173753998
  1.37807		  146.279		-548.1817057440
  1.37807		  115.447		-548.2168469662
  1.37807		  118.079		-548.2180033107
  1.37807		  102.937		-548.1965325434
  1.37807		  121.146		-548.2181891557
  1.37807		  132.205		-548.2096069051
  1.37807		  97.6414		-548.1787187149
  1.37807		  133.801		-548.2072954762
  1.37807		  99.9179		-548.1871826389
  1.37807		  123.412		-548.2175682002
  1.37807		  133.835		-548.2072435640
  1.37807		  142.285		-548.1911901252
  1.37807		  133.119		-548.2083134149
  1.37807		  143.157		-548.1892103776
  1.37807		  132.138		-548.2096984930
  1.37807		  104.302		-548.2001167726
  1.37807		  99.7943		-548.1867556218
  1.37807		  121.335		-548.2181614429
  1.37807		  101.019		-548.1908293038
  1.37807		  112.488		-548.2143693842
  1.37807		  137.282		-548.2014271722
  1.37807		  93.48		-548.1596683693
  1.37807		  123.241		-548.2176367549
  1.37807		  108.649		-548.2091335216
  1.37807		  139.957		-548.1962009501
