zn =   48.00000, ze =   48.00000
itr = 0
  l = 0
    n = 1, e =   -1152.47477460 (  -2304.94954921)
    n = 2, e =    -288.17636563 (   -576.35273127)
    n = 3, e =    -128.12107409 (   -256.24214819)
    n = 4, e =     -72.10175198 (   -144.20350397)
    n = 5, e =     -46.17284559 (    -92.34569119)
  l = 1
    n = 2, e =    -288.05817124 (   -576.11634249)
    n = 3, e =    -128.06878176 (   -256.13756352)
    n = 4, e =     -72.07242862 (   -144.14485725)
  l = 2
    n = 3, e =    -128.02057108 (   -256.04114217)
    n = 4, e =     -72.03758716 (   -144.07517431)
  cnv =   1.000000, mix =   0.100000
  integrated charge =   4.800000 out of  48.000000
itr = 1
  l = 0
    n = 1, e =   -1137.41723756 (  -2274.83447512)
    n = 2, e =    -273.33656040 (   -546.67312079)
    n = 3, e =    -117.04828111 (   -234.09656222)
    n = 4, e =     -64.24779182 (   -128.49558364)
    n = 5, e =     -40.32686124 (    -80.65372248)
  l = 1
    n = 2, e =    -272.35253867 (   -544.70507734)
    n = 3, e =    -116.49974557 (   -232.99949114)
    n = 4, e =     -63.94760004 (   -127.89520008)
  l = 2
    n = 3, e =    -115.51154525 (   -231.02309049)
    n = 4, e =     -63.39801623 (   -126.79603245)
  cnv =   0.900000, mix =   0.108696
  integrated charge =   9.495652 out of  48.000000
itr = 2
  l = 0
    n = 1, e =   -1112.25213869 (  -2224.50427738)
    n = 2, e =    -254.22523616 (   -508.45047233)
    n = 3, e =    -103.87430289 (   -207.74860577)
    n = 4, e =     -55.29576023 (   -110.59152046)
    n = 5, e =     -34.06974313 (    -68.13948625)
  l = 1
    n = 2, e =    -252.06078943 (   -504.12157886)
    n = 3, e =    -102.71739091 (   -205.43478182)
    n = 4, e =     -54.68841812 (   -109.37683623)
  l = 2
    n = 3, e =    -100.59521945 (   -201.19043890)
    n = 4, e =     -53.58550534 (   -107.17101068)
  cnv =   0.802174, mix =   0.118802
  integrated charge =  14.070032 out of  48.000000
itr = 3
  l = 0
    n = 1, e =   -1087.41047524 (  -2174.82095049)
    n = 2, e =    -235.72091506 (   -471.44183012)
    n = 3, e =     -91.26949116 (   -182.53898232)
    n = 4, e =     -46.85689102 (    -93.71378204)
    n = 5, e =     -28.27109711 (    -56.54219421)
  l = 1
    n = 2, e =    -232.42372289 (   -464.84744577)
    n = 3, e =     -89.55868002 (   -179.11736003)
    n = 4, e =     -45.98996065 (    -91.97992129)
  l = 2
    n = 3, e =     -86.38563043 (   -172.77126086)
    n = 4, e =     -44.41355679 (    -88.82711359)
  cnv =   0.706874, mix =   0.130634
  integrated charge =  18.502428 out of  48.000000
itr = 4
  l = 0
    n = 1, e =   -1063.73392627 (  -2127.46785254)
    n = 2, e =    -218.27070263 (   -436.54140526)
    n = 3, e =     -79.47841776 (   -158.95683553)
    n = 4, e =     -39.07100589 (    -78.14201179)
    n = 5, e =     -23.00444815 (    -46.00889631)
  l = 1
    n = 2, e =    -213.91944657 (   -427.83889315)
    n = 3, e =     -77.28182710 (   -154.56365419)
    n = 4, e =     -37.99912830 (    -75.99825659)
  l = 2
    n = 3, e =     -73.17009916 (   -146.34019831)
    n = 4, e =     -36.04352856 (    -72.08705711)
  cnv =   0.614533, mix =   0.144587
  integrated charge =  22.767387 out of  48.000000
itr = 5
  l = 0
    n = 1, e =   -1041.67758797 (  -2083.35517594)
    n = 2, e =    -202.14669336 (   -404.29338672)
    n = 3, e =     -68.64738506 (   -137.29477012)
    n = 4, e =     -32.01278276 (    -64.02556553)
    n = 5, e =     -18.30616670 (    -36.61233339)
  l = 1
    n = 2, e =    -196.83615530 (   -393.67231059)
    n = 3, e =     -66.03842553 (   -132.07685107)
    n = 4, e =     -30.79243201 (    -61.58486402)
  l = 2
    n = 3, e =     -61.11655327 (   -122.23310654)
    n = 4, e =     -28.55950994 (    -57.11901989)
  cnv =   0.525679, mix =   0.161149
  integrated charge =  26.833599 out of  48.000000
itr = 6
  l = 0
    n = 1, e =   -1021.59895419 (  -2043.19790839)
    n = 2, e =    -187.58173734 (   -375.16347469)
    n = 3, e =     -58.89935868 (   -117.79871735)
    n = 4, e =     -25.73522966 (    -51.47045932)
    n = 5, e =     -14.19801422 (    -28.39602844)
  l = 1
    n = 2, e =    -181.41808518 (   -362.83617036)
    n = 3, e =     -55.95274854 (   -111.90549708)
    n = 4, e =     -24.42157071 (    -48.84314141)
  l = 2
    n = 3, e =     -50.35949450 (   -100.71898900)
    n = 4, e =     -22.01614901 (    -44.03229802)
  cnv =   0.440967, mix =   0.180906
  integrated charge =  30.662727 out of  48.000000
itr = 7
  l = 0
    n = 1, e =   -1003.81926233 (  -2007.63852466)
    n = 2, e =    -174.79624416 (   -349.59248832)
    n = 3, e =     -50.35019065 (   -100.70038129)
    n = 4, e =     -20.27826991 (    -40.55653982)
    n = 5, e =     -10.69071294 (    -21.38142587)
  l = 1
    n = 2, e =    -167.89430156 (   -335.78860311)
    n = 3, e =     -47.13860093 (    -94.27720185)
    n = 4, e =     -18.92190581 (    -37.84381162)
  l = 2
    n = 3, e =     -41.01687549 (    -82.03375097)
    n = 4, e =     -16.44586701 (    -32.89173401)
  cnv =   0.361193, mix =   0.204518
  integrated charge =  34.208511 out of  48.000000
itr = 8
  l = 0
    n = 1, e =    -988.62762348 (  -1977.25524695)
    n = 2, e =    -163.99406915 (   -327.98813830)
    n = 3, e =     -43.10892197 (    -86.21784395)
    n = 4, e =     -15.66920890 (    -31.33841779)
    n = 5, e =      -7.78289021 (    -15.56578043)
  l = 1
    n = 2, e =    -156.47459432 (   -312.94918863)
    n = 3, e =     -39.69962729 (    -79.39925459)
    n = 4, e =     -14.31234975 (    -28.62469951)
  l = 2
    n = 3, e =     -33.18893023 (    -66.37786047)
    n = 4, e =     -11.85637650 (    -23.71275300)
  cnv =   0.294429, mix =   0.229599
  integrated charge =  37.375017 out of  48.000000
itr = 9
  l = 0
    n = 1, e =    -976.41393293 (  -1952.82786585)
    n = 2, e =    -155.44903133 (   -310.89806265)
    n = 3, e =     -37.34220937 (    -74.68441874)
    n = 4, e =     -11.96785712 (    -23.93571423)
    n = 5, e =      -5.48726869 (    -10.97453739)
  l = 1
    n = 2, e =    -147.44149639 (   -294.88299278)
    n = 3, e =     -33.79567983 (    -67.59135966)
    n = 4, e =     -10.63947260 (    -21.27894521)
  l = 2
    n = 3, e =     -27.02650721 (    -54.05301441)
    n = 4, e =      -8.27072914 (    -16.54145829)
  cnv =   0.247101, mix =   0.251458
  integrated charge =  40.046752 out of  48.000000
itr = 10
  l = 0
    n = 1, e =    -967.40988296 (  -1934.81976592)
    n = 2, e =    -149.30428785 (   -298.60857570)
    n = 3, e =     -33.15008594 (    -66.30017188)
    n = 4, e =      -9.20508624 (    -18.41017249)
    n = 5, e =      -3.79177885 (     -7.58355771)
  l = 1
    n = 2, e =    -140.93999212 (   -281.87998423)
    n = 3, e =     -29.51643648 (    -59.03287297)
    n = 4, e =      -7.91612520 (    -15.83225041)
  l = 2
    n = 3, e =     -22.59834526 (    -45.19669053)
    n = 4, e =      -5.66378468 (    -11.32756935)
  cnv =   0.211936, mix =   0.270600
  integrated charge =  42.198902 out of  48.000000
itr = 11
  l = 0
    n = 1, e =    -961.25937734 (  -1922.51875469)
    n = 2, e =    -145.26474661 (   -290.52949322)
    n = 3, e =     -30.35721181 (    -60.71442362)
    n = 4, e =      -7.27046129 (    -14.54092257)
    n = 5, e =      -2.60004980 (     -5.20009960)
  l = 1
    n = 2, e =    -136.65537985 (   -273.31075971)
    n = 3, e =     -26.67192116 (    -53.34384232)
    n = 4, e =      -6.01606446 (    -12.03212891)
  l = 2
    n = 3, e =     -19.68108247 (    -39.36216494)
    n = 4, e =      -3.87184779 (     -7.74369558)
  cnv =   0.182336, mix =   0.289127
  integrated charge =  43.876155 out of  48.000000
itr = 12
  l = 0
    n = 1, e =    -957.29466798 (  -1914.58933597)
    n = 2, e =    -142.80639232 (   -285.61278464)
    n = 3, e =     -28.63519712 (    -57.27039423)
    n = 4, e =      -5.98430669 (    -11.96861338)
    n = 5, e =      -1.78615144 (     -3.57230288)
  l = 1
    n = 2, e =    -134.03522388 (   -268.07044775)
    n = 3, e =     -24.92066633 (    -49.84133265)
    n = 4, e =      -4.75193188 (     -9.50386377)
  l = 2
    n = 3, e =     -17.90232344 (    -35.80464688)
    n = 4, e =      -2.68553047 (     -5.37106094)
  cnv =   0.150293, mix =   0.312271
  integrated charge =  45.163913 out of  48.000000
itr = 13
  l = 0
    n = 1, e =    -954.81113160 (  -1909.62226321)
    n = 2, e =    -141.38764764 (   -282.77529527)
    n = 3, e =     -27.63143595 (    -55.26287190)
    n = 4, e =      -5.15643537 (    -10.31287074)
    n = 5, e =      -1.23268103 (     -2.46536206)
  l = 1
    n = 2, e =    -132.51075818 (   -265.02151636)
    n = 3, e =     -23.90063830 (    -47.80127660)
    n = 4, e =      -3.93391290 (     -7.86782580)
  l = 2
    n = 3, e =     -16.87795572 (    -33.75591144)
    n = 4, e =      -1.91169251 (     -3.82338502)
  cnv =   0.115346, mix =   0.342142
  integrated charge =  46.134256 out of  48.000000
itr = 14
  l = 0
    n = 1, e =    -953.28114287 (  -1906.56228573)
    n = 2, e =    -140.60297062 (   -281.20594125)
    n = 3, e =     -27.07348653 (    -54.14697306)
    n = 4, e =      -4.63892033 (     -9.27784066)
    n = 5, e =      -0.85834097 (     -1.71668194)
  l = 1
    n = 2, e =    -131.65735061 (   -263.31470123)
    n = 3, e =     -23.33370104 (    -46.66740208)
    n = 4, e =      -3.41819456 (     -6.83638913)
  l = 2
    n = 3, e =     -16.31658093 (    -32.63316185)
    n = 4, e =      -1.41422876 (     -2.82845752)
  cnv =   0.081057, mix =   0.377578
  integrated charge =  46.838720 out of  48.000000
itr = 15
  l = 0
    n = 1, e =    -952.34988273 (  -1904.69976547)
    n = 2, e =    -140.17951766 (   -280.35903532)
    n = 3, e =     -26.77245066 (    -53.54490132)
    n = 4, e =      -4.32513098 (     -8.65026195)
    n = 5, e =      -0.61119261 (     -1.22238521)
  l = 1
    n = 2, e =    -131.18990860 (   -262.37981719)
    n = 3, e =     -23.02766708 (    -46.05533417)
    n = 4, e =      -3.10264542 (     -6.20529085)
  l = 2
    n = 3, e =     -16.01846221 (    -32.03692443)
    n = 4, e =      -1.10242169 (     -2.20484338)
  cnv =   0.051499, mix =   0.414595
  integrated charge =  47.320181 out of  48.000000
itr = 16
  l = 0
    n = 1, e =    -951.79096396 (  -1903.58192793)
    n = 2, e =    -139.94921307 (   -279.89842614)
    n = 3, e =     -26.60918377 (    -53.21836754)
    n = 4, e =      -4.14105938 (     -8.28211876)
    n = 5, e =      -0.45638487 (     -0.91276973)
  l = 1
    n = 2, e =    -130.93244178 (   -261.86488355)
    n = 3, e =     -22.86155846 (    -45.72311693)
    n = 4, e =      -2.91631598 (     -5.83263196)
  l = 2
    n = 3, e =     -15.85890347 (    -31.71780695)
    n = 4, e =      -0.91470307 (     -1.82940614)
  cnv =   0.029723, mix =   0.446870
  integrated charge =  47.623972 out of  48.000000
itr = 17
  l = 0
    n = 1, e =    -951.46768013 (  -1902.93536027)
    n = 2, e =    -139.82303665 (   -279.64607329)
    n = 3, e =     -26.51997425 (    -53.03994850)
    n = 4, e =      -4.03881416 (     -8.07762832)
    n = 5, e =      -0.36961473 (     -0.73922946)
  l = 1
    n = 2, e =    -130.79051783 (   -261.58103566)
    n = 3, e =     -22.77072599 (    -45.54145198)
    n = 4, e =      -2.81251961 (     -5.62503922)
  l = 2
    n = 3, e =     -15.77226445 (    -31.54452890)
    n = 4, e =      -0.80906561 (     -1.61813123)
  cnv =   0.015978, mix =   0.469964
  integrated charge =  47.800692 out of  48.000000
itr = 18
  l = 0
    n = 1, e =    -951.29691256 (  -1902.59382512)
    n = 2, e =    -139.76087495 (   -279.52174989)
    n = 3, e =     -26.47714963 (    -52.95429926)
    n = 4, e =      -3.99006151 (     -7.98012302)
    n = 5, e =      -0.32878858 (     -0.65757716)
  l = 1
    n = 2, e =    -130.71994851 (   -261.43989702)
    n = 3, e =     -22.72702245 (    -45.45404491)
    n = 4, e =      -2.76289567 (     -5.52579134)
  l = 2
    n = 3, e =     -15.73089924 (    -31.46179849)
    n = 4, e =      -0.75802212 (     -1.51604424)
  cnv =   0.009096, mix =   0.482446
  integrated charge =  47.896847 out of  48.000000
itr = 19
  l = 0
    n = 1, e =    -951.21513539 (  -1902.43027078)
    n = 2, e =    -139.73477904 (   -279.46955809)
    n = 3, e =     -26.46056363 (    -52.92112726)
    n = 4, e =      -3.97153197 (     -7.94306393)
    n = 5, e =      -0.31217983 (     -0.62435965)
  l = 1
    n = 2, e =    -130.68968185 (   -261.37936370)
    n = 3, e =     -22.70998847 (    -45.41997694)
    n = 4, e =      -2.74393869 (     -5.48787738)
  l = 2
    n = 3, e =     -15.71505533 (    -31.43011065)
    n = 4, e =      -0.73811808 (     -1.47623617)
  cnv =   0.005917, mix =   0.488440
  integrated charge =  47.947231 out of  48.000000
itr = 20
  l = 0
    n = 1, e =    -951.17663371 (  -1902.35326743)
    n = 2, e =    -139.72372722 (   -279.44745445)
    n = 3, e =     -26.45414708 (    -52.90829416)
    n = 4, e =      -3.96516265 (     -7.93032530)
    n = 5, e =      -0.30570531 (     -0.61141063)
  l = 1
    n = 2, e =    -130.67663786 (   -261.35327572)
    n = 3, e =     -22.70334694 (    -45.40669388)
    n = 4, e =      -2.73741786 (     -5.47483572)
  l = 2
    n = 3, e =     -15.70897350 (    -31.41794700)
    n = 4, e =      -0.73116949 (     -1.46233898)
  cnv =   0.003693, mix =   0.492722
  integrated charge =  47.973232 out of  48.000000
itr = 21
  l = 0
    n = 1, e =    -951.15862281 (  -1902.31724562)
    n = 2, e =    -139.71897456 (   -279.43794912)
    n = 3, e =     -26.45151247 (    -52.90302494)
    n = 4, e =      -3.96300363 (     -7.92600726)
    n = 5, e =      -0.30318740 (     -0.60637479)
  l = 1
    n = 2, e =    -130.67096237 (   -261.34192473)
    n = 3, e =     -22.70060499 (    -45.40120999)
    n = 4, e =      -2.73522393 (     -5.47044785)
  l = 2
    n = 3, e =     -15.70650111 (    -31.41300221)
    n = 4, e =      -0.72882868 (     -1.45765735)
  cnv =   0.002180, mix =   0.495678
  integrated charge =  47.986500 out of  48.000000
itr = 22
  l = 0
    n = 1, e =    -951.15040150 (  -1902.30080299)
    n = 2, e =    -139.71704965 (   -279.43409931)
    n = 3, e =     -26.45046063 (    -52.90092126)
    n = 4, e =      -3.96230120 (     -7.92460239)
    n = 5, e =      -0.30217226 (     -0.60434452)
  l = 1
    n = 2, e =    -130.66862372 (   -261.33724745)
    n = 3, e =     -22.69950546 (    -45.39901092)
    n = 4, e =      -2.73452115 (     -5.46904230)
  l = 2
    n = 3, e =     -15.70553936 (    -31.41107872)
    n = 4, e =      -0.72808220 (     -1.45616441)
  cnv =   0.001232, mix =   0.497547
  integrated charge =  47.993217 out of  48.000000
itr = 23
  l = 0
    n = 1, e =    -951.14668028 (  -1902.29336057)
    n = 2, e =    -139.71629046 (   -279.43258091)
    n = 3, e =     -26.45003248 (    -52.90006497)
    n = 4, e =      -3.96206630 (     -7.92413261)
    n = 5, e =      -0.30175104 (     -0.60350207)
  l = 1
    n = 2, e =    -130.66768271 (   -261.33536542)
    n = 3, e =     -22.69905703 (    -45.39811406)
    n = 4, e =      -2.73429335 (     -5.46858670)
  l = 2
    n = 3, e =     -15.70516269 (    -31.41032539)
    n = 4, e =      -0.72784723 (     -1.45569446)
  cnv =   0.000676, mix =   0.498652
  integrated charge =  47.996599 out of  48.000000
itr = 24
  l = 0
    n = 1, e =    -951.14501637 (  -1902.29003273)
    n = 2, e =    -139.71601322 (   -279.43202644)
    n = 3, e =     -26.44986755 (    -52.89973511)
    n = 4, e =      -3.96198985 (     -7.92397971)
    n = 5, e =      -0.30157171 (     -0.60314342)
  l = 1
    n = 2, e =    -130.66732669 (   -261.33465338)
    n = 3, e =     -22.69888381 (    -45.39776761)
    n = 4, e =      -2.73422299 (     -5.46844597)
  l = 2
    n = 3, e =     -15.70502708 (    -31.41005417)
    n = 4, e =      -0.72777858 (     -1.45555716)
  cnv =   0.000365, mix =   0.499272
  integrated charge =  47.998297 out of  48.000000
itr = 25
  l = 0
    n = 1, e =    -951.14427290 (  -1902.28854579)
    n = 2, e =    -139.71591885 (   -279.43183771)
    n = 3, e =     -26.44980649 (    -52.89961298)
    n = 4, e =      -3.96196505 (     -7.92393009)
    n = 5, e =      -0.30149317 (     -0.60298633)
  l = 1
    n = 2, e =    -130.66719832 (   -261.33439663)
    n = 3, e =     -22.69881940 (    -45.39763880)
    n = 4, e =      -2.73420214 (     -5.46840428)
  l = 2
    n = 3, e =     -15.70498209 (    -31.40996419)
    n = 4, e =      -0.72776066 (     -1.45552131)
  cnv =   0.000194, mix =   0.499612
  integrated charge =  47.999148 out of  48.000000
itr = 26
  l = 0
    n = 1, e =    -951.14394003 (  -1902.28788005)
    n = 2, e =    -139.71589045 (   -279.43178090)
    n = 3, e =     -26.44978556 (    -52.89957111)
    n = 4, e =      -3.96195721 (     -7.92391441)
    n = 5, e =      -0.30145788 (     -0.60291575)
  l = 1
    n = 2, e =    -130.66715522 (   -261.33431044)
    n = 3, e =     -22.69879712 (    -45.39759424)
    n = 4, e =      -2.73419660 (     -5.46839319)
  l = 2
    n = 3, e =     -15.70496967 (    -31.40993933)
    n = 4, e =      -0.72775734 (     -1.45551467)
  cnv =   0.000102, mix =   0.499795
  integrated charge =  47.999574 out of  48.000000
itr = 27
  l = 0
    n = 1, e =    -951.14379025 (  -1902.28758049)
    n = 2, e =    -139.71588392 (   -279.43176785)
    n = 3, e =     -26.44977931 (    -52.89955862)
    n = 4, e =      -3.96195483 (     -7.92390965)
    n = 5, e =      -0.30144166 (     -0.60288333)
  l = 1
    n = 2, e =    -130.66714231 (   -261.33428463)
    n = 3, e =     -22.69879032 (    -45.39758065)
    n = 4, e =      -2.73419547 (     -5.46839094)
  l = 2
    n = 3, e =     -15.70496778 (    -31.40993556)
    n = 4, e =      -0.72775761 (     -1.45551523)
  cnv =   0.000054, mix =   0.499893
  integrated charge =  47.999787 out of  48.000000
itr = 28
  l = 0
    n = 1, e =    -951.14372247 (  -1902.28744493)
    n = 2, e =    -139.71588377 (   -279.43176754)
    n = 3, e =     -26.44977805 (    -52.89955611)
    n = 4, e =      -3.96195417 (     -7.92390834)
    n = 5, e =      -0.30143407 (     -0.60286814)
  l = 1
    n = 2, e =    -130.66713937 (   -261.33427875)
    n = 3, e =     -22.69878884 (    -45.39757767)
    n = 4, e =      -2.73419548 (     -5.46839096)
  l = 2
    n = 3, e =     -15.70496870 (    -31.40993741)
    n = 4, e =      -0.72775843 (     -1.45551685)
  cnv =   0.000028, mix =   0.499944
  integrated charge =  47.999893 out of  48.000000
itr = 29
  l = 0
    n = 1, e =    -951.14369162 (  -1902.28738323)
    n = 2, e =    -139.71588494 (   -279.43176989)
    n = 3, e =     -26.44977826 (    -52.89955651)
    n = 4, e =      -3.96195402 (     -7.92390805)
    n = 5, e =      -0.30143046 (     -0.60286093)
  l = 1
    n = 2, e =    -130.66713932 (   -261.33427864)
    n = 3, e =     -22.69878894 (    -45.39757788)
    n = 4, e =      -2.73419568 (     -5.46839135)
  l = 2
    n = 3, e =     -15.70496997 (    -31.40993994)
    n = 4, e =      -0.72775907 (     -1.45551814)
  cnv =   0.000015, mix =   0.499971
  integrated charge =  47.999947 out of  48.000000
itr = 30
  l = 0
    n = 1, e =    -951.14367750 (  -1902.28735500)
    n = 2, e =    -139.71588603 (   -279.43177207)
    n = 3, e =     -26.44977873 (    -52.89955746)
    n = 4, e =      -3.96195402 (     -7.92390803)
    n = 5, e =      -0.30142873 (     -0.60285745)
  l = 1
    n = 2, e =    -130.66713987 (   -261.33427974)
    n = 3, e =     -22.69878937 (    -45.39757873)
    n = 4, e =      -2.73419584 (     -5.46839169)
  l = 2
    n = 3, e =     -15.70497096 (    -31.40994192)
    n = 4, e =      -0.72775947 (     -1.45551895)
  cnv =   0.000008, mix =   0.499985
  integrated charge =  47.999973 out of  48.000000

                   Orbital Summary
 nl    occ        E           KE       <1/r>     <r>
 1s   2.00    -951.1437   1131.9354   47.5892   0.0316
 2s   2.00    -139.7159    236.3773   10.8808   0.1365
 2p   6.00    -130.6671    237.4706   10.8922   0.1164
 3s   2.00     -26.4498     67.9337    3.9147   0.3670
 3p   6.00     -22.6988     66.0444    3.8383   0.3578
 3d  10.00     -15.7050     62.0606    3.6971   0.3286
 4s   2.00      -3.9620     17.6335    1.5350   0.8934
 4p   6.00      -2.7342     15.5297    1.4240   0.9508
 4d  10.00      -0.7278     10.2371    1.1249   1.1904
 5s   2.00      -0.3014      1.8092    0.4486   2.8845

     Energy Summary
 kinetic energy      =  5548.6230
 potential energy    = -11019.5629
 one-electron energy = -7597.8063
 two-electron energy =  2126.8664

 total energy = -5470.9399
 virial ratio =    -1.9860
