zn =   48.00000, ze =   47.00000
itr = 0
  l = 0
    n = 1, e =   -1152.47477460 (  -2304.94954921)
    n = 2, e =    -288.17636563 (   -576.35273127)
    n = 3, e =    -128.12107409 (   -256.24214819)
    n = 4, e =     -72.10175198 (   -144.20350397)
    n = 5, e =     -46.17284559 (    -92.34569119)
  l = 1
    n = 2, e =    -288.05817124 (   -576.11634249)
    n = 3, e =    -128.06878176 (   -256.13756352)
    n = 4, e =     -72.07242862 (   -144.14485725)
  l = 2
    n = 3, e =    -128.02057108 (   -256.04114217)
    n = 4, e =     -72.03758716 (   -144.07517431)
  cnv =   1.000000, mix =   0.100000
  integrated charge =   4.700000 out of  47.000000
itr = 1
  l = 0
    n = 1, e =   -1137.58870030 (  -2275.17740060)
    n = 2, e =    -273.49681251 (   -546.99362503)
    n = 3, e =    -117.19254239 (   -234.38508478)
    n = 4, e =     -64.36781887 (   -128.73563774)
    n = 5, e =     -40.38271769 (    -80.76543537)
  l = 1
    n = 2, e =    -272.51535040 (   -545.03070080)
    n = 3, e =    -116.64594785 (   -233.29189570)
    n = 4, e =     -64.07013718 (   -128.14027435)
  l = 2
    n = 3, e =    -115.66166270 (   -231.32332540)
    n = 4, e =     -63.52537751 (   -127.05075502)
  cnv =   0.900000, mix =   0.108696
  integrated charge =   9.297826 out of  47.000000
itr = 2
  l = 0
    n = 1, e =   -1112.58591538 (  -2225.17183076)
    n = 2, e =    -254.53570749 (   -509.07141498)
    n = 3, e =    -104.15498547 (   -208.30997094)
    n = 4, e =     -55.53283433 (   -111.06566866)
    n = 5, e =     -34.21207423 (    -68.42414846)
  l = 1
    n = 2, e =    -252.37583646 (   -504.75167293)
    n = 3, e =    -103.00139454 (   -206.00278907)
    n = 4, e =     -54.92925187 (   -109.85850373)
  l = 2
    n = 3, e =    -100.88600343 (   -201.77200686)
    n = 4, e =     -53.83393649 (   -107.66787297)
  cnv =   0.802174, mix =   0.118802
  integrated charge =  13.776907 out of  47.000000
itr = 3
  l = 0
    n = 1, e =   -1087.88693794 (  -2175.77387587)
    n = 2, e =    -236.16444278 (   -472.32888557)
    n = 3, e =     -91.67203976 (   -183.34407953)
    n = 4, e =     -47.19836779 (    -94.39673557)
    n = 5, e =     -28.49300447 (    -56.98600895)
  l = 1
    n = 2, e =    -232.87326888 (   -465.74653777)
    n = 3, e =     -89.96544377 (   -179.93088754)
    n = 4, e =     -46.33566762 (    -92.67133524)
  l = 2
    n = 3, e =     -86.80121554 (   -173.60243108)
    n = 4, e =     -44.76838026 (    -89.53676052)
  cnv =   0.706874, mix =   0.130634
  integrated charge =  18.116961 out of  47.000000
itr = 4
  l = 0
    n = 1, e =   -1064.33037508 (  -2128.66075017)
    n = 2, e =    -218.82749536 (   -437.65499071)
    n = 3, e =     -79.98616996 (   -159.97233992)
    n = 4, e =     -39.50252131 (    -79.00504262)
    n = 5, e =     -23.29535634 (    -46.59071268)
  l = 1
    n = 2, e =    -214.48310911 (   -428.96621822)
    n = 3, e =     -77.79420876 (   -155.58841752)
    n = 4, e =     -38.43456014 (    -76.86912029)
  l = 2
    n = 3, e =     -73.69246402 (   -147.38492804)
    n = 4, e =     -36.48815990 (    -72.97631980)
  cnv =   0.614533, mix =   0.144587
  integrated charge =  22.293067 out of  47.000000
itr = 5
  l = 0
    n = 1, e =   -1042.36838218 (  -2084.73676437)
    n = 2, e =    -202.79426017 (   -405.58852034)
    n = 3, e =     -69.24155642 (   -138.48311283)
    n = 4, e =     -32.51869151 (    -65.03738301)
    n = 5, e =     -18.65343203 (    -37.30686405)
  l = 1
    n = 2, e =    -197.49084836 (   -394.98169671)
    n = 3, e =     -66.63718556 (   -133.27437113)
    n = 4, e =     -31.30116263 (    -62.60232526)
  l = 2
    n = 3, e =     -61.72553625 (   -123.45107250)
    n = 4, e =     -29.07585706 (    -58.15171411)
  cnv =   0.525679, mix =   0.161149
  integrated charge =  26.274565 out of  47.000000
itr = 6
  l = 0
    n = 1, e =   -1022.35551732 (  -2044.71103463)
    n = 2, e =    -188.29474285 (   -376.58948569)
    n = 3, e =     -59.55887731 (   -119.11775461)
    n = 4, e =     -26.29876152 (    -52.59752305)
    n = 5, e =     -14.58751939 (    -29.17503878)
  l = 1
    n = 2, e =    -182.13789626 (   -364.27579252)
    n = 3, e =     -56.61641504 (   -113.23283007)
    n = 4, e =     -24.98612072 (    -49.97224144)
  l = 2
    n = 3, e =     -51.03270938 (   -102.06541876)
    n = 4, e =     -22.58491778 (    -45.16983555)
  cnv =   0.440967, mix =   0.180906
  integrated charge =  30.023920 out of  47.000000
itr = 7
  l = 0
    n = 1, e =   -1004.61031274 (  -2009.22062548)
    n = 2, e =    -175.54654311 (   -351.09308622)
    n = 3, e =     -51.05156566 (   -102.10313132)
    n = 4, e =     -20.88165870 (    -41.76331740)
    n = 5, e =     -11.10746732 (    -22.21493463)
  l = 1
    n = 2, e =    -168.65055952 (   -337.30111905)
    n = 3, e =     -47.84337608 (    -95.68675215)
    n = 4, e =     -19.52397966 (    -39.04795933)
  l = 2
    n = 3, e =     -41.72970662 (    -83.45941325)
    n = 4, e =     -17.04700100 (    -34.09400201)
  cnv =   0.361193, mix =   0.204518
  integrated charge =  33.495834 out of  47.000000
itr = 8
  l = 0
    n = 1, e =    -989.41993809 (  -1978.83987619)
    n = 2, e =    -164.75119457 (   -329.50238914)
    n = 3, e =     -43.82632011 (    -87.65264022)
    n = 4, e =     -16.29387747 (    -32.58775494)
    n = 5, e =      -8.21186216 (    -16.42372432)
  l = 1
    n = 2, e =    -157.23640398 (   -314.47280795)
    n = 3, e =     -40.41950064 (    -80.83900127)
    n = 4, e =     -14.93316908 (    -29.86633817)
  l = 2
    n = 3, e =     -33.91476369 (    -67.82952737)
    n = 4, e =     -12.46973536 (    -24.93947073)
  cnv =   0.293639, mix =   0.229932
  integrated charge =  36.600871 out of  47.000000
itr = 9
  l = 0
    n = 1, e =    -977.15669479 (  -1954.31338959)
    n = 2, e =    -156.16944771 (   -312.33889542)
    n = 3, e =     -38.03986631 (    -76.07973263)
    n = 4, e =     -12.58942906 (    -25.17885812)
    n = 5, e =      -5.91137206 (    -11.82274412)
  l = 1
    n = 2, e =    -148.16436276 (   -296.32872553)
    n = 3, e =     -34.49467980 (    -68.98935959)
    n = 4, e =     -11.25506974 (    -22.51013948)
  l = 2
    n = 3, e =     -27.72876339 (    -55.45752679)
    n = 4, e =      -8.87218625 (    -17.74437249)
  cnv =   0.246011, mix =   0.252011
  integrated charge =  39.221561 out of  47.000000
itr = 10
  l = 0
    n = 1, e =    -968.08038934 (  -1936.16077869)
    n = 2, e =    -149.96504215 (   -299.93008429)
    n = 3, e =     -33.80503192 (    -67.61006384)
    n = 4, e =      -9.80677749 (    -19.61355498)
    n = 5, e =      -4.20107960 (     -8.40215921)
  l = 1
    n = 2, e =    -141.60116038 (   -283.20232075)
    n = 3, e =     -30.17181867 (    -60.34363734)
    n = 4, e =      -8.51078884 (    -17.02157768)
  l = 2
    n = 3, e =     -23.25468396 (    -46.50936792)
    n = 4, e =      -6.23915797 (    -12.47831594)
  cnv =   0.210691, mix =   0.271331
  integrated charge =  41.332096 out of  47.000000
itr = 11
  l = 0
    n = 1, e =    -961.85142697 (  -1923.70285394)
    n = 2, e =    -145.85641215 (   -291.71282430)
    n = 3, e =     -30.95617307 (    -61.91234613)
    n = 4, e =      -7.84053289 (    -15.68106578)
    n = 5, e =      -2.98982927 (     -5.97965854)
  l = 1
    n = 2, e =    -137.24603776 (   -274.49207552)
    n = 3, e =     -27.27072225 (    -54.54144450)
    n = 4, e =      -6.57942233 (    -13.15884466)
  l = 2
    n = 3, e =     -20.27923266 (    -40.55846533)
    n = 4, e =      -4.41365894 (     -8.82731787)
  cnv =   0.181281, mix =   0.289834
  integrated charge =  42.974847 out of  47.000000
itr = 12
  l = 0
    n = 1, e =    -957.81617758 (  -1915.63235515)
    n = 2, e =    -143.33193829 (   -286.66387658)
    n = 3, e =     -29.17536019 (    -58.35072037)
    n = 4, e =      -6.51663729 (    -13.03327457)
    n = 5, e =      -2.15594506 (     -4.31189012)
  l = 1
    n = 2, e =    -134.55913114 (   -269.11826227)
    n = 3, e =     -25.46036616 (    -50.92073232)
    n = 4, e =      -5.27897239 (    -10.55794478)
  l = 2
    n = 3, e =     -18.44046281 (    -36.88092563)
    n = 4, e =      -3.19205123 (     -6.38410246)
  cnv =   0.149648, mix =   0.312775
  integrated charge =  44.233814 out of  47.000000
itr = 13
  l = 0
    n = 1, e =    -955.27558510 (  -1910.55117020)
    n = 2, e =    -141.85643112 (   -283.71286223)
    n = 3, e =     -28.11697534 (    -56.23395069)
    n = 4, e =      -5.64911817 (    -11.29823634)
    n = 5, e =      -1.58378691 (     -3.16757381)
  l = 1
    n = 2, e =    -132.97790334 (   -265.95580669)
    n = 3, e =     -24.38562590 (    -48.77125180)
    n = 4, e =      -4.42320820 (     -8.84641640)
  l = 2
    n = 3, e =     -17.36102454 (    -34.72204908)
    n = 4, e =      -2.38402987 (     -4.76805973)
  cnv =   0.115552, mix =   0.341948
  integrated charge =  45.179707 out of  47.000000
itr = 14
  l = 0
    n = 1, e =    -953.70599605 (  -1907.41199211)
    n = 2, e =    -141.02915510 (   -282.05831021)
    n = 3, e =     -27.51444604 (    -55.02889208)
    n = 4, e =      -5.09471878 (    -10.18943756)
    n = 5, e =      -1.19300608 (     -2.38601216)
  l = 1
    n = 2, e =    -132.08236681 (   -264.16473361)
    n = 3, e =     -23.77417583 (    -47.54835166)
    n = 4, e =      -3.87231459 (     -7.74462918)
  l = 2
    n = 3, e =     -16.75519954 (    -33.51039908)
    n = 4, e =      -1.85587008 (     -3.71174016)
  cnv =   0.082040, mix =   0.376460
  integrated charge =  45.864975 out of  47.000000
itr = 15
  l = 0
    n = 1, e =    -952.75038476 (  -1905.50076952)
    n = 2, e =    -140.57747298 (   -281.15494596)
    n = 3, e =     -27.18101219 (    -54.36202438)
    n = 4, e =      -4.74975774 (     -9.49951547)
    n = 5, e =      -0.93143776 (     -1.86287552)
  l = 1
    n = 2, e =    -131.58732203 (   -263.17464405)
    n = 3, e =     -23.43589108 (    -46.87178215)
    n = 4, e =      -3.52672252 (     -7.05344503)
  l = 2
    n = 3, e =     -16.42517135 (    -32.85034270)
    n = 4, e =      -1.51783450 (     -3.03566901)
  cnv =   0.052931, mix =   0.412636
  integrated charge =  46.333326 out of  47.000000
itr = 16
  l = 0
    n = 1, e =    -952.17721290 (  -1904.35442579)
    n = 2, e =    -140.33015742 (   -280.66031485)
    n = 3, e =     -26.99633720 (    -53.99267440)
    n = 4, e =      -4.54140512 (     -9.08281023)
    n = 5, e =      -0.76434403 (     -1.52868805)
  l = 1
    n = 2, e =    -131.31336126 (   -262.62672253)
    n = 3, e =     -23.24852947 (    -46.49705894)
    n = 4, e =      -3.31664029 (     -6.63328058)
  l = 2
    n = 3, e =     -16.24480951 (    -32.48961902)
    n = 4, e =      -1.30877350 (     -2.61754700)
  cnv =   0.031054, mix =   0.444754
  integrated charge =  46.629832 out of  47.000000
itr = 17
  l = 0
    n = 1, e =    -951.84357581 (  -1903.68715163)
    n = 2, e =    -140.19285651 (   -280.38571302)
    n = 3, e =     -26.89288514 (    -53.78577027)
    n = 4, e =      -4.42097597 (     -8.84195194)
    n = 5, e =      -0.66995881 (     -1.33991762)
  l = 1
    n = 2, e =    -131.16057791 (   -262.32115582)
    n = 3, e =     -23.14356245 (    -46.28712490)
    n = 4, e =      -3.19480559 (     -6.38961118)
  l = 2
    n = 3, e =     -16.14442061 (    -32.28884123)
    n = 4, e =      -1.18636738 (     -2.37273475)
  cnv =   0.016951, mix =   0.468251
  integrated charge =  46.803164 out of  47.000000
itr = 18
  l = 0
    n = 1, e =    -951.66291546 (  -1903.32583092)
    n = 2, e =    -140.12132298 (   -280.24264597)
    n = 3, e =     -26.83910795 (    -53.67821589)
    n = 4, e =      -4.35815481 (     -8.71630962)
    n = 5, e =      -0.62525813 (     -1.25051627)
  l = 1
    n = 2, e =    -131.08069959 (   -262.16139918)
    n = 3, e =     -23.08895847 (    -46.17791694)
    n = 4, e =      -3.13109981 (     -6.26219962)
  l = 2
    n = 3, e =     -16.09239535 (    -32.18479070)
    n = 4, e =      -1.12195933 (     -2.24391866)
  cnv =   0.008800, mix =   0.482998
  integrated charge =  46.898235 out of  47.000000
itr = 19
  l = 0
    n = 1, e =    -951.57283110 (  -1903.14566221)
    n = 2, e =    -140.08793338 (   -280.17586676)
    n = 3, e =     -26.81452221 (    -53.62904443)
    n = 4, e =      -4.32939056 (     -8.65878111)
    n = 5, e =      -0.60586039 (     -1.21172078)
  l = 1
    n = 2, e =    -131.04310949 (   -262.08621897)
    n = 3, e =     -23.06394549 (    -46.12789098)
    n = 4, e =      -3.10182347 (     -6.20364695)
  l = 2
    n = 3, e =     -16.06871652 (    -32.13743304)
    n = 4, e =      -1.09205473 (     -2.18410946)
  cnv =   0.004383, mix =   0.491385
  integrated charge =  46.948241 out of  47.000000
itr = 20
  l = 0
    n = 1, e =    -951.52924658 (  -1903.05849316)
    n = 2, e =    -140.07257535 (   -280.14515071)
    n = 3, e =     -26.80350112 (    -53.60700225)
    n = 4, e =      -4.31695749 (     -8.63391497)
    n = 5, e =      -0.59762268 (     -1.19524537)
  l = 1
    n = 2, e =    -131.02572041 (   -262.05144082)
    n = 3, e =     -23.05270667 (    -46.10541334)
    n = 4, e =      -3.08913884 (     -6.17827768)
  l = 2
    n = 3, e =     -16.05811412 (    -32.11622824)
    n = 4, e =      -1.07898994 (     -2.15797988)
  cnv =   0.002273, mix =   0.495494
  integrated charge =  46.973887 out of  47.000000
itr = 21
  l = 0
    n = 1, e =    -951.50851396 (  -1903.01702792)
    n = 2, e =    -140.06550868 (   -280.13101736)
    n = 3, e =     -26.79849994 (    -53.59699988)
    n = 4, e =      -4.31168154 (     -8.62336309)
    n = 5, e =      -0.59393925 (     -1.18787851)
  l = 1
    n = 2, e =    -131.01770231 (   -262.03540462)
    n = 3, e =     -23.04759795 (    -46.09519591)
    n = 4, e =      -3.08375283 (     -6.16750565)
  l = 2
    n = 3, e =     -16.05330075 (    -32.10660149)
    n = 4, e =      -1.07340104 (     -2.14680208)
  cnv =   0.001300, mix =   0.497414
  integrated charge =  46.986876 out of  47.000000
itr = 22
  l = 0
    n = 1, e =    -951.49866660 (  -1902.99733321)
    n = 2, e =    -140.06217650 (   -280.12435300)
    n = 3, e =     -26.79611737 (    -53.59223475)
    n = 4, e =      -4.30938632 (     -8.61877264)
    n = 5, e =      -0.59226850 (     -1.18453701)
  l = 1
    n = 2, e =    -131.01393387 (   -262.02786774)
    n = 3, e =     -23.04516377 (    -46.09032755)
    n = 4, e =      -3.08141625 (     -6.16283250)
  l = 2
    n = 3, e =     -16.05100351 (    -32.10200703)
    n = 4, e =      -1.07097669 (     -2.14195338)
  cnv =   0.000744, mix =   0.498516
  integrated charge =  46.993419 out of  47.000000
itr = 23
  l = 0
    n = 1, e =    -951.49406920 (  -1902.98813840)
    n = 2, e =    -140.06065430 (   -280.12130860)
    n = 3, e =     -26.79499957 (    -53.58999914)
    n = 4, e =      -4.30838699 (     -8.61677397)
    n = 5, e =      -0.59155830 (     -1.18311661)
  l = 1
    n = 2, e =    -131.01221610 (   -262.02443219)
    n = 3, e =     -23.04402241 (    -46.08804481)
    n = 4, e =      -3.08040260 (     -6.16080520)
  l = 2
    n = 3, e =     -16.04992862 (    -32.09985724)
    n = 4, e =      -1.06992974 (     -2.13985947)
  cnv =   0.000420, mix =   0.499161
  integrated charge =  46.996704 out of  47.000000
itr = 24
  l = 0
    n = 1, e =    -951.49197666 (  -1902.98395333)
    n = 2, e =    -140.06000465 (   -280.12000929)
    n = 3, e =     -26.79450672 (    -53.58901344)
    n = 4, e =      -4.30796718 (     -8.61593436)
    n = 5, e =      -0.59123616 (     -1.18247231)
  l = 1
    n = 2, e =    -131.01148043 (   -262.02296085)
    n = 3, e =     -23.04351932 (    -46.08703863)
    n = 4, e =      -3.07997741 (     -6.15995481)
  l = 2
    n = 3, e =     -16.04945928 (    -32.09891856)
    n = 4, e =      -1.06948767 (     -2.13897535)
  cnv =   0.000233, mix =   0.499534
  integrated charge =  46.998350 out of  47.000000
itr = 25
  l = 0
    n = 1, e =    -951.49100434 (  -1902.98200869)
    n = 2, e =    -140.05971021 (   -280.11942042)
    n = 3, e =     -26.79427359 (    -53.58854718)
    n = 4, e =      -4.30778097 (     -8.61556194)
    n = 5, e =      -0.59108691 (     -1.18217382)
  l = 1
    n = 2, e =    -131.01114805 (   -262.02229610)
    n = 3, e =     -23.04328166 (    -46.08656331)
    n = 4, e =      -3.07978985 (     -6.15957970)
  l = 2
    n = 3, e =     -16.04923827 (    -32.09847654)
    n = 4, e =      -1.06929349 (     -2.13858698)
  cnv =   0.000128, mix =   0.499745
  integrated charge =  46.999175 out of  47.000000
itr = 26
  l = 0
    n = 1, e =    -951.49055683 (  -1902.98111365)
    n = 2, e =    -140.05958057 (   -280.11916115)
    n = 3, e =     -26.79416559 (    -53.58833118)
    n = 4, e =      -4.30769850 (     -8.61539699)
    n = 5, e =      -0.59101732 (     -1.18203463)
  l = 1
    n = 2, e =    -131.01100188 (   -262.02200376)
    n = 3, e =     -23.04317171 (    -46.08634342)
    n = 4, e =      -3.07970724 (     -6.15941448)
  l = 2
    n = 3, e =     -16.04913668 (    -32.09827337)
    n = 4, e =      -1.06920820 (     -2.13841641)
  cnv =   0.000069, mix =   0.499862
  integrated charge =  46.999587 out of  47.000000
itr = 27
  l = 0
    n = 1, e =    -951.49035084 (  -1902.98070167)
    n = 2, e =    -140.05952374 (   -280.11904749)
    n = 3, e =     -26.79411554 (    -53.58823107)
    n = 4, e =      -4.30766154 (     -8.61532308)
    n = 5, e =      -0.59098458 (     -1.18196916)
  l = 1
    n = 2, e =    -131.01093788 (   -262.02187576)
    n = 3, e =     -23.04312083 (    -46.08624166)
    n = 4, e =      -3.07967046 (     -6.15934091)
  l = 2
    n = 3, e =     -16.04909000 (    -32.09817999)
    n = 4, e =      -1.06917038 (     -2.13834077)
  cnv =   0.000037, mix =   0.499926
  integrated charge =  46.999794 out of  47.000000
itr = 28
  l = 0
    n = 1, e =    -951.49025605 (  -1902.98051210)
    n = 2, e =    -140.05949903 (   -280.11899805)
    n = 3, e =     -26.79409243 (    -53.58818486)
    n = 4, e =      -4.30764485 (     -8.61528970)
    n = 5, e =      -0.59096906 (     -1.18193812)
  l = 1
    n = 2, e =    -131.01091006 (   -262.02182013)
    n = 3, e =     -23.04309738 (    -46.08619475)
    n = 4, e =      -3.07965395 (     -6.15930789)
  l = 2
    n = 3, e =     -16.04906864 (    -32.09813728)
    n = 4, e =      -1.06915349 (     -2.13830699)
  cnv =   0.000020, mix =   0.499960
  integrated charge =  46.999897 out of  47.000000
itr = 29
  l = 0
    n = 1, e =    -951.49021239 (  -1902.98042477)
    n = 2, e =    -140.05948833 (   -280.11897667)
    n = 3, e =     -26.79408179 (    -53.58816359)
    n = 4, e =      -4.30763724 (     -8.61527448)
    n = 5, e =      -0.59096165 (     -1.18192330)
  l = 1
    n = 2, e =    -131.01089804 (   -262.02179607)
    n = 3, e =     -23.04308659 (    -46.08617319)
    n = 4, e =      -3.07964648 (     -6.15929295)
  l = 2
    n = 3, e =     -16.04905890 (    -32.09811781)
    n = 4, e =      -1.06914589 (     -2.13829178)
  cnv =   0.000011, mix =   0.499979
  integrated charge =  46.999948 out of  47.000000
itr = 30
  l = 0
    n = 1, e =    -951.49019224 (  -1902.98038449)
    n = 2, e =    -140.05948373 (   -280.11896747)
    n = 3, e =     -26.79407691 (    -53.58815383)
    n = 4, e =      -4.30763374 (     -8.61526749)
    n = 5, e =      -0.59095809 (     -1.18191617)
  l = 1
    n = 2, e =    -131.01089286 (   -262.02178572)
    n = 3, e =     -23.04308165 (    -46.08616330)
    n = 4, e =      -3.07964307 (     -6.15928613)
  l = 2
    n = 3, e =     -16.04905448 (    -32.09810895)
    n = 4, e =      -1.06914244 (     -2.13828488)
  cnv =   0.000006, mix =   0.499989
  integrated charge =  46.999974 out of  47.000000

                   Orbital Summary
 nl    occ        E           KE       <1/r>     <r>
 1s   2.00    -951.4902   1131.9374   47.5893   0.0316
 2s   2.00    -140.0595    236.3775   10.8808   0.1365
 2p   6.00    -131.0109    237.4717   10.8923   0.1164
 3s   2.00     -26.7941     67.9332    3.9146   0.3670
 3p   6.00     -23.0431     66.0438    3.8383   0.3578
 3d  10.00     -16.0491     62.0593    3.6971   0.3286
 4s   2.00      -4.3076     17.6314    1.5350   0.8933
 4p   6.00      -3.0796     15.5366    1.4244   0.9503
 4d  10.00      -1.0691     10.3385    1.1313   1.1801
 5s   1.00      -0.5910      2.1309    0.4801   2.6733

     Energy Summary
 kinetic energy      =  5548.1805
 potential energy    = -11018.8205
 one-electron energy = -7581.4027
 two-electron energy =  2110.7627

 total energy = -5470.6400
 virial ratio =    -1.9860
